[2020-05-04T20:48:14.373112+00:00] mvc_logger.ERROR: Status Code: 500 - Internal Server Error {"Error":"[object] (Twig_Error_Syntax(code: 0): Unexpected character \"$\". at D:\\Documents\\GitHub\\PAW2020\\Tp-3(DB)\\app\\views\\index.html:20)"} []
[2020-05-04T20:57:32.128122+00:00] mvc_logger.ERROR: Status Code: 500 - Internal Server Error {"Error":"[object] (Twig_Error_Syntax(code: 0): Unexpected character \"$\". at D:\\Documents\\GitHub\\PAW2020\\Tp-3(DB)\\app\\views\\index.html:20)"} []
[2020-05-04T20:57:34.654282+00:00] mvc_logger.ERROR: Status Code: 500 - Internal Server Error {"Error":"[object] (Twig_Error_Syntax(code: 0): Unexpected character \"$\". at D:\\Documents\\GitHub\\PAW2020\\Tp-3(DB)\\app\\views\\index.html:20)"} []
[2020-05-04T20:57:40.406660+00:00] mvc_logger.ERROR: Status Code: 500 - Internal Server Error {"Error":"[object] (Twig_Error_Syntax(code: 0): Unexpected character \"$\". at D:\\Documents\\GitHub\\PAW2020\\Tp-3(DB)\\app\\views\\index.html:20)"} []
[2020-05-04T20:57:41.579224+00:00] mvc_logger.ERROR: Status Code: 500 - Internal Server Error {"Error":"[object] (Twig_Error_Syntax(code: 0): Unexpected character \"$\". at D:\\Documents\\GitHub\\PAW2020\\Tp-3(DB)\\app\\views\\index.html:20)"} []
[2020-05-04T20:58:12.095005+00:00] mvc_logger.ERROR: Status Code: 500 - Internal Server Error {"Error":"[object] (Twig_Error_Syntax(code: 0): Unexpected character \"$\". at D:\\Documents\\GitHub\\PAW2020\\Tp-3(DB)\\app\\views\\index.html:20)"} []
[2020-05-04T20:58:14.484029+00:00] mvc_logger.ERROR: Status Code: 500 - Internal Server Error {"Error":"[object] (Twig_Error_Syntax(code: 0): Unexpected character \"$\". at D:\\Documents\\GitHub\\PAW2020\\Tp-3(DB)\\app\\views\\index.html:20)"} []
[2020-05-04T20:58:17.712813+00:00] mvc_logger.ERROR: Status Code: 500 - Internal Server Error {"Error":"[object] (Twig_Error_Syntax(code: 0): Unexpected character \"$\". at D:\\Documents\\GitHub\\PAW2020\\Tp-3(DB)\\app\\views\\index.html:20)"} []
[2020-05-04T21:16:46.597946+00:00] mvc_logger.ERROR: Status Code: 500 - Internal Server Error {"Error":"[object] (Twig_Error_Syntax(code: 0): Unexpected character \"$\". at D:\\Documents\\GitHub\\PAW2020\\Tp-3(DB)\\app\\views\\index.html:20)"} []
[2020-05-04T21:17:04.017202+00:00] mvc_logger.ERROR: Status Code: 500 - Internal Server Error {"Error":"[object] (Twig_Error_Syntax(code: 0): Unexpected character \"$\". at D:\\Documents\\GitHub\\PAW2020\\Tp-3(DB)\\app\\views\\index.html:20)"} []
[2020-05-04T21:17:52.962262+00:00] mvc_logger.ERROR: Status Code: 500 - Internal Server Error {"Error":"[object] (Twig_Error_Syntax(code: 0): Unexpected character \"$\". at D:\\Documents\\GitHub\\PAW2020\\Tp-3(DB)\\app\\views\\index.html:20)"} []
[2020-05-04T21:18:06.151580+00:00] mvc_logger.ERROR: Status Code: 500 - Internal Server Error {"Error":"[object] (Twig_Error_Syntax(code: 0): Unexpected character \"$\". at D:\\Documents\\GitHub\\PAW2020\\Tp-3(DB)\\app\\views\\index.html:20)"} []
[2020-05-04T21:18:06.902685+00:00] mvc_logger.ERROR: Status Code: 500 - Internal Server Error {"Error":"[object] (Twig_Error_Syntax(code: 0): Unexpected character \"$\". at D:\\Documents\\GitHub\\PAW2020\\Tp-3(DB)\\app\\views\\index.html:20)"} []
[2020-05-04T21:18:07.887756+00:00] mvc_logger.ERROR: Status Code: 500 - Internal Server Error {"Error":"[object] (Twig_Error_Syntax(code: 0): Unexpected character \"$\". at D:\\Documents\\GitHub\\PAW2020\\Tp-3(DB)\\app\\views\\index.html:20)"} []
[2020-05-04T21:57:54.677047+00:00] mvc_logger.ERROR: Status Code: 500 - Internal Server Error {"Error":"[object] (Twig_Error_Syntax(code: 0): Unexpected character \"$\". at D:\\Documents\\GitHub\\PAW2020\\Tp-3(DB)\\app\\views\\index.html:20)"} []
[2020-05-04T21:57:55.497570+00:00] mvc_logger.ERROR: Status Code: 500 - Internal Server Error {"Error":"[object] (Twig_Error_Syntax(code: 0): Unexpected character \"$\". at D:\\Documents\\GitHub\\PAW2020\\Tp-3(DB)\\app\\views\\index.html:20)"} []
[2020-05-04T21:58:06.689206+00:00] mvc_logger.ERROR: Status Code: 500 - Internal Server Error {"Error":"[object] (Twig_Error_Syntax(code: 0): Unexpected character \"$\". at D:\\Documents\\GitHub\\PAW2020\\Tp-3(DB)\\app\\views\\index.html:20)"} []
[2020-05-04T22:00:14.572221+00:00] mvc_logger.ERROR: Status Code: 500 - Internal Server Error {"Error":"[object] (Twig_Error_Syntax(code: 0): Unexpected character \"$\". at D:\\Documents\\GitHub\\PAW2020\\Tp-3(DB)\\app\\views\\index.html:20)"} []
[2020-05-04T22:01:07.729118+00:00] mvc_logger.ERROR: Status Code: 500 - Internal Server Error {"Error":"[object] (Twig_Error_Loader(code: 0): Unable to find template \"nuevo.html\" (looked into: D:\\Documents\\GitHub\\PAW2020\\Tp-3(DB)/app/views). at D:\\Documents\\GitHub\\PAW2020\\Tp-3(DB)\\vendor\\twig\\twig\\lib\\Twig\\Loader\\Filesystem.php:226)"} []
[2020-05-04T22:03:03.968675+00:00] mvc_logger.ERROR: Status Code: 500 - Internal Server Error {"Error":"[object] (Twig_Error_Loader(code: 0): Unable to find template \"nuevo.html\" (looked into: D:\\Documents\\GitHub\\PAW2020\\Tp-3(DB)/app/views). at D:\\Documents\\GitHub\\PAW2020\\Tp-3(DB)\\vendor\\twig\\twig\\lib\\Twig\\Loader\\Filesystem.php:226)"} []
[2020-05-04T22:05:36.975457+00:00] mvc_logger.INFO: Status Code: 200 [] []
[2020-05-04T22:06:46.423200+00:00] mvc_logger.ERROR: Status Code: 500 - Internal Server Error {"Error":"[object] (Twig_Error_Syntax(code: 0): Unexpected token \"end of template\" of value \"\" (\"end of statement block\" expected). at D:\\Documents\\GitHub\\PAW2020\\Tp-3(DB)\\app\\views\\nuevo.html:7)"} []
[2020-05-04T22:06:47.468466+00:00] mvc_logger.ERROR: Status Code: 500 - Internal Server Error {"Error":"[object] (Twig_Error_Syntax(code: 0): Unexpected token \"end of template\" of value \"\" (\"end of statement block\" expected). at D:\\Documents\\GitHub\\PAW2020\\Tp-3(DB)\\app\\views\\nuevo.html:7)"} []
[2020-05-04T22:06:50.727713+00:00] mvc_logger.ERROR: Status Code: 500 - Internal Server Error {"Error":"[object] (Twig_Error_Syntax(code: 0): Unexpected token \"end of template\" of value \"\" (\"end of statement block\" expected). at D:\\Documents\\GitHub\\PAW2020\\Tp-3(DB)\\app\\views\\nuevo.html:7)"} []
[2020-05-04T22:06:59.473575+00:00] mvc_logger.ERROR: Status Code: 500 - Internal Server Error {"Error":"[object] (Twig_Error_Syntax(code: 0): Unexpected token \"end of template\" of value \"\" (\"end of statement block\" expected). at D:\\Documents\\GitHub\\PAW2020\\Tp-3(DB)\\app\\views\\nuevo.html:7)"} []
[2020-05-04T22:07:06.115206+00:00] mvc_logger.ERROR: Status Code: 500 - Internal Server Error {"Error":"[object] (Twig_Error_Syntax(code: 0): Unexpected token \"end of template\" of value \"\" (\"end of statement block\" expected). at D:\\Documents\\GitHub\\PAW2020\\Tp-3(DB)\\app\\views\\nuevo.html:7)"} []
[2020-05-04T22:07:12.103658+00:00] mvc_logger.INFO: Status Code: 200 [] []
[2020-05-04T22:07:43.790648+00:00] mvc_logger.INFO: Status Code: 200 [] []
[2020-05-04T22:07:44.926733+00:00] mvc_logger.INFO: Status Code: 200 [] []
[2020-05-04T22:07:45.648999+00:00] mvc_logger.INFO: Status Code: 200 [] []
[2020-05-04T22:07:47.155537+00:00] mvc_logger.INFO: Status Code: 200 [] []
[2020-05-04T22:07:48.592510+00:00] mvc_logger.INFO: Status Code: 200 [] []
[2020-05-04T22:08:33.529691+00:00] mvc_logger.ERROR: Status Code: 500 - Internal Server Error {"Error":"[object] (Twig_Error_Syntax(code: 0): Unexpected token \"operator\" of value \"<\". at D:\\Documents\\GitHub\\PAW2020\\Tp-3(DB)\\app\\views\\nuevo.html:9)"} []
[2020-05-04T22:09:11.361338+00:00] mvc_logger.ERROR: Status Code: 500 - Internal Server Error {"Error":"[object] (Twig_Error_Syntax(code: 0): Unexpected token \"end of template\" of value \"\" (\"end of statement block\" expected). at D:\\Documents\\GitHub\\PAW2020\\Tp-3(DB)\\app\\views\\form.html:64)"} []
[2020-05-04T22:09:54.828403+00:00] mvc_logger.ERROR: Status Code: 500 - Internal Server Error {"Error":"[object] (Twig_Error_Syntax(code: 0): Unexpected token \"end of template\" of value \"\" (\"end of statement block\" expected). at D:\\Documents\\GitHub\\PAW2020\\Tp-3(DB)\\app\\views\\form.html:64)"} []
[2020-05-04T22:09:56.922228+00:00] mvc_logger.ERROR: Status Code: 500 - Internal Server Error {"Error":"[object] (Twig_Error_Syntax(code: 0): Unexpected token \"end of template\" of value \"\" (\"end of statement block\" expected). at D:\\Documents\\GitHub\\PAW2020\\Tp-3(DB)\\app\\views\\form.html:64)"} []
[2020-05-04T22:10:13.654551+00:00] mvc_logger.INFO: Status Code: 200 [] []
[2020-05-04T22:12:48.013262+00:00] mvc_logger.INFO: Status Code: 200 [] []
[2020-05-04T22:12:49.451673+00:00] mvc_logger.INFO: Status Code: 200 [] []
[2020-05-04T22:12:55.639104+00:00] mvc_logger.INFO: Status Code: 200 [] []
[2020-05-04T22:13:03.490905+00:00] mvc_logger.INFO: Status Code: 200 [] []
[2020-05-04T22:13:04.212797+00:00] mvc_logger.INFO: Status Code: 200 [] []
[2020-05-04T22:13:15.609689+00:00] mvc_logger.INFO: Status Code: 200 [] []
[2020-05-04T22:28:10.416081+00:00] mvc_logger.INFO: Status Code: 200 [] []
[2020-05-04T22:29:19.679374+00:00] mvc_logger.INFO: Status Code: 200 [] []
[2020-05-04T22:29:40.231587+00:00] mvc_logger.ERROR: Status Code: 500 - Internal Server Error {"Error":"[object] (Twig_Error_Syntax(code: 0): Unexpected \"cabezera\" tag (expecting closing tag for the \"block\" tag defined near line 8). at D:\\Documents\\GitHub\\PAW2020\\Tp-3(DB)\\app\\views\\form.html:8)"} []
[2020-05-04T22:29:52.592669+00:00] mvc_logger.INFO: Status Code: 200 [] []
[2020-05-04T22:30:21.211607+00:00] mvc_logger.ERROR: Status Code: 500 - Internal Server Error {"Error":"[object] (Twig_Error_Syntax(code: 0): Unexpected character \"$\". at D:\\Documents\\GitHub\\PAW2020\\Tp-3(DB)\\app\\views\\form.html:8)"} []
[2020-05-04T22:31:43.198980+00:00] mvc_logger.ERROR: Status Code: 500 - Internal Server Error {"Error":"[object] (Twig_Error_Syntax(code: 0): Unexpected character \"$\". at D:\\Documents\\GitHub\\PAW2020\\Tp-3(DB)\\app\\views\\form.html:10)"} []
[2020-05-04T22:31:50.914332+00:00] mvc_logger.ERROR: Status Code: 500 - Internal Server Error {"Error":"[object] (Twig_Error_Syntax(code: 0): Unexpected character \"$\". at D:\\Documents\\GitHub\\PAW2020\\Tp-3(DB)\\app\\views\\form.html:11)"} []
[2020-05-04T22:31:55.961188+00:00] mvc_logger.INFO: Status Code: 200 [] []
[2020-05-04T22:32:05.629369+00:00] mvc_logger.INFO: Status Code: 200 [] []
[2020-05-04T22:32:21.895495+00:00] mvc_logger.INFO: Status Code: 200 [] []
[2020-05-04T22:33:44.076404+00:00] mvc_logger.INFO: Status Code: 200 [] []
[2020-05-04T22:33:55.894953+00:00] mvc_logger.INFO: Status Code: 200 [] []
[2020-05-04T22:33:58.946034+00:00] mvc_logger.INFO: Status Code: 200 [] []
[2020-05-04T22:34:52.198454+00:00] mvc_logger.INFO: Status Code: 200 [] []
[2020-05-04T22:35:44.379500+00:00] mvc_logger.INFO: Status Code: 200 [] []
[2020-05-04T22:35:46.093338+00:00] mvc_logger.INFO: Status Code: 200 [] []
[2020-05-04T22:35:46.407645+00:00] mvc_logger.INFO: Status Code: 200 [] []
[2020-05-04T22:35:46.568662+00:00] mvc_logger.INFO: Status Code: 200 [] []
[2020-05-04T22:35:46.760688+00:00] mvc_logger.INFO: Status Code: 200 [] []
[2020-05-04T22:36:00.995853+00:00] mvc_logger.INFO: Status Code: 200 [] []
[2020-05-05T00:31:21.262970+00:00] mvc_logger.INFO: Status Code: 200 [] []
[2020-05-05T00:36:27.866148+00:00] mvc_logger.INFO: Status Code: 200 [] []
[2020-05-05T01:02:28.963386+00:00] mvc_logger.INFO: Status Code: 200 [] []
[2020-05-05T01:02:32.678247+00:00] mvc_logger.INFO: Status Code: 200 [] []
[2020-05-05T01:02:51.176688+00:00] mvc_logger.INFO: Status Code: 200 [] []
[2020-05-05T01:03:56.423236+00:00] mvc_logger.INFO: Status Code: 200 [] []
[2020-05-05T01:04:52.348103+00:00] mvc_logger.INFO: Status Code: 200 [] []
[2020-05-05T01:04:58.469440+00:00] mvc_logger.INFO: Status Code: 200 [] []
[2020-05-05T01:05:02.376806+00:00] mvc_logger.INFO: Status Code: 200 [] []
[2020-05-05T01:05:05.470591+00:00] mvc_logger.INFO: Status Code: 200 [] []
[2020-05-05T01:06:40.014542+00:00] mvc_logger.INFO: Status Code: 200 [] []
[2020-05-05T01:07:00.396543+00:00] mvc_logger.INFO: Status Code: 200 [] []
[2020-05-05T01:10:42.358823+00:00] mvc_logger.INFO: Status Code: 200 [] []
[2020-05-05T01:10:46.004898+00:00] mvc_logger.INFO: Status Code: 200 [] []
[2020-05-05T01:11:48.784649+00:00] mvc_logger.INFO: Status Code: 200 [] []
[2020-05-05T01:27:05.287348+00:00] mvc_logger.INFO: Status Code: 200 [] []
[2020-05-05T01:29:27.645197+00:00] mvc_logger.ERROR: Status Code: 500 - Internal Server Error {"Error":"[object] (Twig_Error_Syntax(code: 0): Unexpected character \"$\". at D:\\Documents\\GitHub\\PAW2020\\Tp-3(DB)\\app\\views\\index.html:19)"} []
[2020-05-05T01:29:46.957807+00:00] mvc_logger.INFO: Status Code: 200 [] []
[2020-05-05T01:30:11.846979+00:00] mvc_logger.INFO: Status Code: 200 [] []
[2020-05-05T01:31:23.421395+00:00] mvc_logger.INFO: Status Code: 200 [] []
[2020-05-05T01:31:50.695035+00:00] mvc_logger.ERROR: Status Code: 500 - Internal Server Error {"Error":"[object] (Twig_Error_Syntax(code: 0): Unexpected character \"$\". at D:\\Documents\\GitHub\\PAW2020\\Tp-3(DB)\\app\\views\\index.html:19)"} []
[2020-05-05T01:31:53.063888+00:00] mvc_logger.ERROR: Status Code: 500 - Internal Server Error {"Error":"[object] (Twig_Error_Syntax(code: 0): Unexpected character \"$\". at D:\\Documents\\GitHub\\PAW2020\\Tp-3(DB)\\app\\views\\index.html:19)"} []
[2020-05-05T01:31:53.870916+00:00] mvc_logger.ERROR: Status Code: 500 - Internal Server Error {"Error":"[object] (Twig_Error_Syntax(code: 0): Unexpected character \"$\". at D:\\Documents\\GitHub\\PAW2020\\Tp-3(DB)\\app\\views\\index.html:19)"} []
[2020-05-05T01:31:54.309448+00:00] mvc_logger.ERROR: Status Code: 500 - Internal Server Error {"Error":"[object] (Twig_Error_Syntax(code: 0): Unexpected character \"$\". at D:\\Documents\\GitHub\\PAW2020\\Tp-3(DB)\\app\\views\\index.html:19)"} []
[2020-05-05T01:31:54.501058+00:00] mvc_logger.ERROR: Status Code: 500 - Internal Server Error {"Error":"[object] (Twig_Error_Syntax(code: 0): Unexpected character \"$\". at D:\\Documents\\GitHub\\PAW2020\\Tp-3(DB)\\app\\views\\index.html:19)"} []
[2020-05-05T01:31:54.690143+00:00] mvc_logger.ERROR: Status Code: 500 - Internal Server Error {"Error":"[object] (Twig_Error_Syntax(code: 0): Unexpected character \"$\". at D:\\Documents\\GitHub\\PAW2020\\Tp-3(DB)\\app\\views\\index.html:19)"} []
[2020-05-05T01:31:55.073502+00:00] mvc_logger.ERROR: Status Code: 500 - Internal Server Error {"Error":"[object] (Twig_Error_Syntax(code: 0): Unexpected character \"$\". at D:\\Documents\\GitHub\\PAW2020\\Tp-3(DB)\\app\\views\\index.html:19)"} []
[2020-05-05T01:31:55.756233+00:00] mvc_logger.ERROR: Status Code: 500 - Internal Server Error {"Error":"[object] (Twig_Error_Syntax(code: 0): Unexpected character \"$\". at D:\\Documents\\GitHub\\PAW2020\\Tp-3(DB)\\app\\views\\index.html:19)"} []
[2020-05-05T01:31:56.291440+00:00] mvc_logger.ERROR: Status Code: 500 - Internal Server Error {"Error":"[object] (Twig_Error_Syntax(code: 0): Unexpected character \"$\". at D:\\Documents\\GitHub\\PAW2020\\Tp-3(DB)\\app\\views\\index.html:19)"} []
[2020-05-05T01:32:01.439100+00:00] mvc_logger.ERROR: Status Code: 500 - Internal Server Error {"Error":"[object] (Twig_Error_Syntax(code: 0): Unexpected character \"$\". at D:\\Documents\\GitHub\\PAW2020\\Tp-3(DB)\\app\\views\\index.html:19)"} []
[2020-05-05T01:32:04.729702+00:00] mvc_logger.ERROR: Status Code: 500 - Internal Server Error {"Error":"[object] (Twig_Error_Syntax(code: 0): Unexpected character \"$\". at D:\\Documents\\GitHub\\PAW2020\\Tp-3(DB)\\app\\views\\index.html:19)"} []
[2020-05-05T01:33:02.030359+00:00] mvc_logger.ERROR: Status Code: 500 - Internal Server Error {"Error":"[object] (Twig_Error_Syntax(code: 0): Unexpected character \"$\". at D:\\Documents\\GitHub\\PAW2020\\Tp-3(DB)\\app\\views\\index.html:19)"} []
[2020-05-05T01:33:08.997092+00:00] mvc_logger.ERROR: Status Code: 500 - Internal Server Error {"Error":"[object] (Twig_Error_Syntax(code: 0): Unexpected character \"$\". at D:\\Documents\\GitHub\\PAW2020\\Tp-3(DB)\\app\\views\\index.html:19)"} []
[2020-05-05T01:36:29.048193+00:00] mvc_logger.INFO: Status Code: 200 [] []
[2020-05-05T01:36:33.591402+00:00] mvc_logger.ERROR: Status Code: 500 - Internal Server Error {"Error":"[object] (Twig_Error_Syntax(code: 0): Unexpected character \"$\". at D:\\Documents\\GitHub\\PAW2020\\Tp-3(DB)\\app\\views\\index.html:19)"} []
[2020-05-05T01:37:04.260540+00:00] mvc_logger.ERROR: Status Code: 500 - Internal Server Error {"Error":"[object] (Twig_Error_Syntax(code: 0): Unexpected character \"$\". at D:\\Documents\\GitHub\\PAW2020\\Tp-3(DB)\\app\\views\\index.html:19)"} []
[2020-05-05T01:37:16.028397+00:00] mvc_logger.ERROR: Status Code: 500 - Internal Server Error {"Error":"[object] (Twig_Error_Syntax(code: 0): Unexpected character \"$\". at D:\\Documents\\GitHub\\PAW2020\\Tp-3(DB)\\app\\views\\index.html:19)"} []
[2020-05-05T01:39:14.776012+00:00] mvc_logger.ERROR: Status Code: 500 - Internal Server Error {"Error":"[object] (Twig_Error_Syntax(code: 0): Unexpected character \"$\". at D:\\Documents\\GitHub\\PAW2020\\Tp-3(DB)\\app\\views\\index.html:19)"} []
[2020-05-05T01:39:26.608010+00:00] mvc_logger.INFO: Status Code: 200 [] []
[2020-05-05T01:44:46.905287+00:00] mvc_logger.ERROR: Status Code: 500 - Internal Server Error {"Error":"[object] (Twig_Error_Syntax(code: 0): Unexpected character \"$\". at D:\\Documents\\GitHub\\PAW2020\\Tp-3(DB)\\app\\views\\index.html:19)"} []
[2020-05-05T01:44:47.709536+00:00] mvc_logger.ERROR: Status Code: 500 - Internal Server Error {"Error":"[object] (Twig_Error_Syntax(code: 0): Unexpected character \"$\". at D:\\Documents\\GitHub\\PAW2020\\Tp-3(DB)\\app\\views\\index.html:19)"} []
[2020-05-05T01:46:26.517500+00:00] mvc_logger.ERROR: Status Code: 500 - Internal Server Error {"Error":"[object] (Twig_Error_Syntax(code: 0): Unexpected character \"$\". at D:\\Documents\\GitHub\\PAW2020\\Tp-3(DB)\\app\\views\\index.html:19)"} []
[2020-05-05T01:46:40.034880+00:00] mvc_logger.ERROR: Status Code: 500 - Internal Server Error {"Error":"[object] (Twig_Error_Syntax(code: 0): Unexpected character \"$\". at D:\\Documents\\GitHub\\PAW2020\\Tp-3(DB)\\app\\views\\index.html:19)"} []
[2020-05-05T01:47:14.154668+00:00] mvc_logger.INFO: Status Code: 200 [] []
[2020-05-05T01:48:18.582403+00:00] mvc_logger.ERROR: Status Code: 500 - Internal Server Error {"Error":"[object] (Twig_Error_Syntax(code: 0): Unexpected character \"$\". at D:\\Documents\\GitHub\\PAW2020\\Tp-3(DB)\\app\\views\\index.html:19)"} []
[2020-05-05T02:05:32.224433+00:00] mvc_logger.ERROR: Status Code: 500 - Internal Server Error {"Error":"[object] (Twig_Error_Syntax(code: 0): Unexpected character \"$\". at D:\\Documents\\GitHub\\PAW2020\\Tp-3(DB)\\app\\views\\index.html:24)"} []
[2020-05-05T02:06:39.020812+00:00] mvc_logger.ERROR: Status Code: 500 - Internal Server Error {"Error":"[object] (Twig_Error_Syntax(code: 0): Unexpected character \"$\". at D:\\Documents\\GitHub\\PAW2020\\Tp-3(DB)\\app\\views\\index.html:24)"} []
[2020-05-05T02:06:53.702644+00:00] mvc_logger.ERROR: Status Code: 500 - Internal Server Error {"Error":"[object] (Twig_Error_Syntax(code: 0): Unexpected character \"$\". at D:\\Documents\\GitHub\\PAW2020\\Tp-3(DB)\\app\\views\\index.html:24)"} []
[2020-05-05T02:06:54.970928+00:00] mvc_logger.ERROR: Status Code: 500 - Internal Server Error {"Error":"[object] (Twig_Error_Syntax(code: 0): Unexpected character \"$\". at D:\\Documents\\GitHub\\PAW2020\\Tp-3(DB)\\app\\views\\index.html:24)"} []
[2020-05-05T02:09:08.325932+00:00] mvc_logger.ERROR: Status Code: 500 - Internal Server Error {"Error":"[object] (Twig_Error_Syntax(code: 0): Unexpected character \"$\". at D:\\Documents\\GitHub\\PAW2020\\Tp-3(DB)\\app\\views\\index.html:20)"} []
[2020-05-05T02:09:17.368583+00:00] mvc_logger.ERROR: Status Code: 500 - Internal Server Error {"Error":"[object] (Twig_Error_Syntax(code: 0): Unexpected character \"$\". at D:\\Documents\\GitHub\\PAW2020\\Tp-3(DB)\\app\\views\\index.html:20)"} []
[2020-05-05T19:12:11.206314+00:00] mvc_logger.ERROR: Status Code: 500 - Internal Server Error {"Error":"[object] (Twig_Error_Syntax(code: 0): Unexpected character \"$\". at D:\\Documents\\GitHub\\PAW2020\\Tp-3(DB)\\app\\views\\index.html:20)"} []
[2020-05-05T19:32:51.446875+00:00] mvc_logger.ERROR: Status Code: 500 - Internal Server Error {"Error":"[object] (Twig_Error_Syntax(code: 0): Unexpected character \"$\". at D:\\Documents\\GitHub\\PAW2020\\Tp-3(DB)\\app\\views\\index.html:20)"} []
[2020-05-05T20:00:40.144289+00:00] mvc_logger.ERROR: Status Code: 500 - Internal Server Error {"Error":"[object] (Twig_Error_Syntax(code: 0): Unexpected character \"$\". at D:\\Documents\\GitHub\\PAW2020\\Tp-3(DB)\\app\\views\\index.html:20)"} []
[2020-05-05T20:06:28.771034+00:00] mvc_logger.ERROR: Status Code: 500 - Internal Server Error {"Error":"[object] (Twig_Error_Syntax(code: 0): Unexpected character \"$\". at D:\\Documents\\GitHub\\PAW2020\\Tp-3(DB)\\app\\views\\index.html:20)"} []
[2020-05-05T20:07:00.441876+00:00] mvc_logger.ERROR: Status Code: 500 - Internal Server Error {"Error":"[object] (Twig_Error_Syntax(code: 0): Unexpected token \"end of template\" of value \"\" (\"end of statement block\" expected). at D:\\Documents\\GitHub\\PAW2020\\Tp-3(DB)\\app\\views\\index.html:8)"} []
[2020-05-05T20:07:00.969490+00:00] mvc_logger.ERROR: Status Code: 500 - Internal Server Error {"Error":"[object] (Twig_Error_Syntax(code: 0): Unexpected token \"end of template\" of value \"\" (\"end of statement block\" expected). at D:\\Documents\\GitHub\\PAW2020\\Tp-3(DB)\\app\\views\\index.html:8)"} []
[2020-05-05T20:07:14.866023+00:00] mvc_logger.ERROR: Status Code: 500 - Internal Server Error {"Error":"[object] (Twig_Error_Loader(code: 0): Unable to find template \"nuevo.html\" (looked into: D:\\Documents\\GitHub\\PAW2020\\Tp-3(DB)/app/views). at D:\\Documents\\GitHub\\PAW2020\\Tp-3(DB)\\vendor\\twig\\twig\\lib\\Twig\\Loader\\Filesystem.php:226)"} []
[2020-05-05T20:07:15.554509+00:00] mvc_logger.ERROR: Status Code: 500 - Internal Server Error {"Error":"[object] (Twig_Error_Loader(code: 0): Unable to find template \"nuevo.html\" (looked into: D:\\Documents\\GitHub\\PAW2020\\Tp-3(DB)/app/views). at D:\\Documents\\GitHub\\PAW2020\\Tp-3(DB)\\vendor\\twig\\twig\\lib\\Twig\\Loader\\Filesystem.php:226)"} []
[2020-05-05T20:07:15.752889+00:00] mvc_logger.ERROR: Status Code: 500 - Internal Server Error {"Error":"[object] (Twig_Error_Loader(code: 0): Unable to find template \"nuevo.html\" (looked into: D:\\Documents\\GitHub\\PAW2020\\Tp-3(DB)/app/views). at D:\\Documents\\GitHub\\PAW2020\\Tp-3(DB)\\vendor\\twig\\twig\\lib\\Twig\\Loader\\Filesystem.php:226)"} []
[2020-05-05T20:07:22.084224+00:00] mvc_logger.INFO: Status Code: 200 [] []
[2020-05-05T20:07:53.406087+00:00] mvc_logger.ERROR: Status Code: 500 - Internal Server Error {"Error":"[object] (Twig_Error_Syntax(code: 0): Unexpected character \"$\". at D:\\Documents\\GitHub\\PAW2020\\Tp-3(DB)\\app\\views\\inicio.html:20)"} []
[2020-05-05T20:07:54.047997+00:00] mvc_logger.ERROR: Status Code: 500 - Internal Server Error {"Error":"[object] (Twig_Error_Syntax(code: 0): Unexpected character \"$\". at D:\\Documents\\GitHub\\PAW2020\\Tp-3(DB)\\app\\views\\inicio.html:20)"} []
[2020-05-05T20:07:54.220111+00:00] mvc_logger.ERROR: Status Code: 500 - Internal Server Error {"Error":"[object] (Twig_Error_Syntax(code: 0): Unexpected character \"$\". at D:\\Documents\\GitHub\\PAW2020\\Tp-3(DB)\\app\\views\\inicio.html:20)"} []
[2020-05-05T20:07:54.372812+00:00] mvc_logger.ERROR: Status Code: 500 - Internal Server Error {"Error":"[object] (Twig_Error_Syntax(code: 0): Unexpected character \"$\". at D:\\Documents\\GitHub\\PAW2020\\Tp-3(DB)\\app\\views\\inicio.html:20)"} []
[2020-05-05T20:07:54.533899+00:00] mvc_logger.ERROR: Status Code: 500 - Internal Server Error {"Error":"[object] (Twig_Error_Syntax(code: 0): Unexpected character \"$\". at D:\\Documents\\GitHub\\PAW2020\\Tp-3(DB)\\app\\views\\inicio.html:20)"} []
[2020-05-05T20:08:32.113299+00:00] mvc_logger.ERROR: Status Code: 500 - Internal Server Error {"Error":"[object] (Twig_Error_Syntax(code: 0): Unexpected character \"$\". at D:\\Documents\\GitHub\\PAW2020\\Tp-3(DB)\\app\\views\\inicio.html:27)"} []
[2020-05-05T20:08:33.713137+00:00] mvc_logger.ERROR: Status Code: 500 - Internal Server Error {"Error":"[object] (Twig_Error_Syntax(code: 0): Unexpected character \"$\". at D:\\Documents\\GitHub\\PAW2020\\Tp-3(DB)\\app\\views\\inicio.html:27)"} []
[2020-05-05T20:08:55.809430+00:00] mvc_logger.ERROR: Status Code: 500 - Internal Server Error {"Error":"[object] (Twig_Error_Syntax(code: 0): Unexpected character \"$\". at D:\\Documents\\GitHub\\PAW2020\\Tp-3(DB)\\app\\views\\inicio.html:27)"} []
[2020-05-05T20:08:57.177533+00:00] mvc_logger.ERROR: Status Code: 500 - Internal Server Error {"Error":"[object] (Twig_Error_Syntax(code: 0): Unexpected character \"$\". at D:\\Documents\\GitHub\\PAW2020\\Tp-3(DB)\\app\\views\\inicio.html:27)"} []
[2020-05-05T20:10:55.907496+00:00] mvc_logger.ERROR: Status Code: 500 - Internal Server Error {"Error":"[object] (Twig_Error_Syntax(code: 0): Unexpected character \"$\". at D:\\Documents\\GitHub\\PAW2020\\Tp-3(DB)\\app\\views\\inicio.html:27)"} []
[2020-05-05T20:13:55.805302+00:00] mvc_logger.INFO: Status Code: 200 [] []
[2020-05-05T20:14:26.490030+00:00] mvc_logger.INFO: Status Code: 200 [] []
[2020-05-05T20:14:48.287579+00:00] mvc_logger.ERROR: Status Code: 500 - Internal Server Error {"Error":"[object] (Twig_Error_Syntax(code: 0): Unexpected character \"$\". at D:\\Documents\\GitHub\\PAW2020\\Tp-3(DB)\\app\\views\\asd.html:27)"} []
[2020-05-05T20:14:49.239716+00:00] mvc_logger.ERROR: Status Code: 500 - Internal Server Error {"Error":"[object] (Twig_Error_Syntax(code: 0): Unexpected character \"$\". at D:\\Documents\\GitHub\\PAW2020\\Tp-3(DB)\\app\\views\\asd.html:27)"} []
[2020-05-05T20:14:49.504002+00:00] mvc_logger.ERROR: Status Code: 500 - Internal Server Error {"Error":"[object] (Twig_Error_Syntax(code: 0): Unexpected character \"$\". at D:\\Documents\\GitHub\\PAW2020\\Tp-3(DB)\\app\\views\\asd.html:27)"} []
[2020-05-05T20:14:49.688455+00:00] mvc_logger.ERROR: Status Code: 500 - Internal Server Error {"Error":"[object] (Twig_Error_Syntax(code: 0): Unexpected character \"$\". at D:\\Documents\\GitHub\\PAW2020\\Tp-3(DB)\\app\\views\\asd.html:27)"} []
[2020-05-05T20:14:49.847679+00:00] mvc_logger.ERROR: Status Code: 500 - Internal Server Error {"Error":"[object] (Twig_Error_Syntax(code: 0): Unexpected character \"$\". at D:\\Documents\\GitHub\\PAW2020\\Tp-3(DB)\\app\\views\\asd.html:27)"} []
[2020-05-05T20:14:50.037443+00:00] mvc_logger.ERROR: Status Code: 500 - Internal Server Error {"Error":"[object] (Twig_Error_Syntax(code: 0): Unexpected character \"$\". at D:\\Documents\\GitHub\\PAW2020\\Tp-3(DB)\\app\\views\\asd.html:27)"} []
[2020-05-05T20:15:10.172950+00:00] mvc_logger.INFO: Status Code: 200 [] []
[2020-05-05T20:15:36.849615+00:00] mvc_logger.ERROR: Status Code: 500 - Internal Server Error {"Error":"[object] (Twig_Error_Syntax(code: 0): Unexpected character \"$\". at D:\\Documents\\GitHub\\PAW2020\\Tp-3(DB)\\app\\views\\asd.html:27)"} []
[2020-05-05T20:15:44.982038+00:00] mvc_logger.INFO: Status Code: 200 [] []
[2020-05-05T20:17:29.025607+00:00] mvc_logger.INFO: Status Code: 200 [] []
[2020-05-05T20:18:16.790512+00:00] mvc_logger.INFO: Status Code: 200 [] []
[2020-05-05T20:18:17.555456+00:00] mvc_logger.INFO: Status Code: 200 [] []
[2020-05-05T20:18:17.907412+00:00] mvc_logger.INFO: Status Code: 200 [] []
[2020-05-05T20:18:18.248318+00:00] mvc_logger.INFO: Status Code: 200 [] []
[2020-05-05T20:18:18.995606+00:00] mvc_logger.INFO: Status Code: 200 [] []
[2020-05-05T20:18:20.011399+00:00] mvc_logger.INFO: Status Code: 200 [] []
[2020-05-05T20:20:20.618013+00:00] mvc_logger.INFO: Status Code: 200 [] []
[2020-05-05T20:20:21.333186+00:00] mvc_logger.INFO: Status Code: 200 [] []
[2020-05-05T20:20:21.868566+00:00] mvc_logger.INFO: Status Code: 200 [] []
[2020-05-05T20:22:07.293925+00:00] mvc_logger.ERROR: Status Code: 500 - Internal Server Error {"Error":"[object] (Twig_Error_Syntax(code: 0): Unexpected \"]\". at D:\\Documents\\GitHub\\PAW2020\\Tp-3(DB)\\app\\views\\inicio.html:23)"} []
[2020-05-05T20:22:07.617396+00:00] mvc_logger.ERROR: Status Code: 500 - Internal Server Error {"Error":"[object] (Twig_Error_Syntax(code: 0): Unexpected \"]\". at D:\\Documents\\GitHub\\PAW2020\\Tp-3(DB)\\app\\views\\inicio.html:23)"} []
[2020-05-05T20:22:34.518416+00:00] mvc_logger.ERROR: Status Code: 500 - Internal Server Error {"Error":"[object] (Twig_Error_Syntax(code: 0): Unexpected \"]\". at D:\\Documents\\GitHub\\PAW2020\\Tp-3(DB)\\app\\views\\inicio.html:23)"} []
[2020-05-05T20:22:35.072703+00:00] mvc_logger.ERROR: Status Code: 500 - Internal Server Error {"Error":"[object] (Twig_Error_Syntax(code: 0): Unexpected \"]\". at D:\\Documents\\GitHub\\PAW2020\\Tp-3(DB)\\app\\views\\inicio.html:23)"} []
[2020-05-05T20:22:35.609193+00:00] mvc_logger.ERROR: Status Code: 500 - Internal Server Error {"Error":"[object] (Twig_Error_Syntax(code: 0): Unexpected \"]\". at D:\\Documents\\GitHub\\PAW2020\\Tp-3(DB)\\app\\views\\inicio.html:23)"} []
[2020-05-05T20:23:46.290510+00:00] mvc_logger.INFO: Status Code: 200 [] []
[2020-05-05T20:23:56.754192+00:00] mvc_logger.INFO: Status Code: 200 [] []
[2020-05-05T20:24:40.625148+00:00] mvc_logger.INFO: Status Code: 200 [] []
[2020-05-05T20:27:07.769872+00:00] mvc_logger.INFO: Status Code: 200 [] []
[2020-05-05T20:27:09.352519+00:00] mvc_logger.INFO: Status Code: 200 [] []
[2020-05-05T20:27:09.882948+00:00] mvc_logger.INFO: Status Code: 200 [] []
[2020-05-05T20:27:10.798370+00:00] mvc_logger.INFO: Status Code: 200 [] []
[2020-05-05T20:27:44.783756+00:00] mvc_logger.INFO: Status Code: 200 [] []
[2020-05-05T20:27:45.583634+00:00] mvc_logger.INFO: Status Code: 200 [] []
[2020-05-05T20:27:46.069328+00:00] mvc_logger.INFO: Status Code: 200 [] []
[2020-05-05T20:27:46.532613+00:00] mvc_logger.INFO: Status Code: 200 [] []
[2020-05-05T20:27:46.731263+00:00] mvc_logger.INFO: Status Code: 200 [] []
[2020-05-05T20:27:46.899120+00:00] mvc_logger.INFO: Status Code: 200 [] []
[2020-05-05T20:27:47.089015+00:00] mvc_logger.INFO: Status Code: 200 [] []
[2020-05-05T20:27:47.269299+00:00] mvc_logger.INFO: Status Code: 200 [] []
[2020-05-05T20:27:47.419829+00:00] mvc_logger.INFO: Status Code: 200 [] []
[2020-05-05T20:27:47.598055+00:00] mvc_logger.INFO: Status Code: 200 [] []
[2020-05-05T20:27:47.787692+00:00] mvc_logger.INFO: Status Code: 200 [] []
[2020-05-05T20:27:47.983353+00:00] mvc_logger.INFO: Status Code: 200 [] []
[2020-05-05T20:27:49.152709+00:00] mvc_logger.INFO: Status Code: 200 [] []
[2020-05-05T20:27:51.255328+00:00] mvc_logger.INFO: Status Code: 200 [] []
[2020-05-05T20:28:32.132272+00:00] mvc_logger.INFO: Status Code: 200 [] []
[2020-05-05T20:29:46.125447+00:00] mvc_logger.INFO: Status Code: 200 [] []
[2020-05-05T20:40:45.068848+00:00] mvc_logger.INFO: Status Code: 200 [] []
[2020-05-05T20:40:50.611031+00:00] mvc_logger.INFO: Status Code: 200 [] []
[2020-05-05T20:40:52.858892+00:00] mvc_logger.INFO: Status Code: 200 [] []
[2020-05-05T20:40:53.109882+00:00] mvc_logger.INFO: Status Code: 200 [] []
[2020-05-05T20:40:53.709641+00:00] mvc_logger.INFO: Status Code: 200 [] []
[2020-05-05T20:40:53.877159+00:00] mvc_logger.INFO: Status Code: 200 [] []
[2020-05-05T20:40:54.060901+00:00] mvc_logger.INFO: Status Code: 200 [] []
[2020-05-05T20:40:54.663522+00:00] mvc_logger.INFO: Status Code: 200 [] []
[2020-05-05T20:40:55.510653+00:00] mvc_logger.INFO: Status Code: 200 [] []
[2020-05-05T20:41:06.835704+00:00] mvc_logger.INFO: Status Code: 200 [] []
[2020-05-05T20:41:52.819722+00:00] mvc_logger.INFO: Status Code: 200 [] []
[2020-05-05T20:42:44.259084+00:00] mvc_logger.INFO: Status Code: 200 [] []
[2020-05-05T20:44:34.302148+00:00] mvc_logger.INFO: Status Code: 200 [] []
[2020-05-05T20:45:16.426412+00:00] mvc_logger.INFO: Status Code: 200 [] []
[2020-05-05T20:45:35.681842+00:00] mvc_logger.INFO: Status Code: 200 [] []
[2020-05-05T20:46:02.157254+00:00] mvc_logger.INFO: Status Code: 200 [] []
[2020-05-05T20:49:30.537349+00:00] mvc_logger.INFO: Status Code: 200 [] []
[2020-05-05T20:52:54.091824+00:00] mvc_logger.INFO: Status Code: 200 [] []
[2020-05-05T20:53:08.466759+00:00] mvc_logger.INFO: Status Code: 200 [] []
[2020-05-05T20:53:30.657179+00:00] mvc_logger.INFO: Status Code: 200 [] []
[2020-05-05T21:03:58.392342+00:00] mvc_logger.ERROR: Status Code: 500 - Internal Server Error {"Error":"[object] (PDOException(code: 42S22): SQLSTATE[42S22]: Column not found: 1054 Unknown column 'id' in 'where clause' at D:\\Documents\\GitHub\\PAW2020\\Tp-3(DB)\\core\\database\\QueryBuilder.php:45)"} []
[2020-05-05T21:04:49.966019+00:00] mvc_logger.ERROR: Status Code: 500 - Internal Server Error {"Error":"[object] (PDOException(code: 42S22): SQLSTATE[42S22]: Column not found: 1054 Unknown column 'id' in 'where clause' at D:\\Documents\\GitHub\\PAW2020\\Tp-3(DB)\\core\\database\\QueryBuilder.php:45)"} []
[2020-05-05T21:04:50.564173+00:00] mvc_logger.ERROR: Status Code: 500 - Internal Server Error {"Error":"[object] (PDOException(code: 42S22): SQLSTATE[42S22]: Column not found: 1054 Unknown column 'id' in 'where clause' at D:\\Documents\\GitHub\\PAW2020\\Tp-3(DB)\\core\\database\\QueryBuilder.php:45)"} []
[2020-05-05T21:04:50.715199+00:00] mvc_logger.ERROR: Status Code: 500 - Internal Server Error {"Error":"[object] (PDOException(code: 42S22): SQLSTATE[42S22]: Column not found: 1054 Unknown column 'id' in 'where clause' at D:\\Documents\\GitHub\\PAW2020\\Tp-3(DB)\\core\\database\\QueryBuilder.php:45)"} []
[2020-05-05T21:04:50.862793+00:00] mvc_logger.ERROR: Status Code: 500 - Internal Server Error {"Error":"[object] (PDOException(code: 42S22): SQLSTATE[42S22]: Column not found: 1054 Unknown column 'id' in 'where clause' at D:\\Documents\\GitHub\\PAW2020\\Tp-3(DB)\\core\\database\\QueryBuilder.php:45)"} []
[2020-05-05T21:04:53.286602+00:00] mvc_logger.ERROR: Status Code: 500 - Internal Server Error {"Error":"[object] (PDOException(code: 42S22): SQLSTATE[42S22]: Column not found: 1054 Unknown column 'id' in 'where clause' at D:\\Documents\\GitHub\\PAW2020\\Tp-3(DB)\\core\\database\\QueryBuilder.php:45)"} []
[2020-05-05T21:05:24.526430+00:00] mvc_logger.ERROR: Status Code: 500 - Internal Server Error {"Error":"[object] (PDOException(code: 42S22): SQLSTATE[42S22]: Column not found: 1054 Unknown column 'id' in 'where clause' at D:\\Documents\\GitHub\\PAW2020\\Tp-3(DB)\\core\\database\\QueryBuilder.php:45)"} []
[2020-05-05T21:05:27.486043+00:00] mvc_logger.ERROR: Status Code: 500 - Internal Server Error {"Error":"[object] (PDOException(code: 42S22): SQLSTATE[42S22]: Column not found: 1054 Unknown column 'id' in 'where clause' at D:\\Documents\\GitHub\\PAW2020\\Tp-3(DB)\\core\\database\\QueryBuilder.php:45)"} []
[2020-05-05T21:06:15.647387+00:00] mvc_logger.ERROR: Status Code: 500 - Internal Server Error {"Error":"[object] (PDOException(code: 42S22): SQLSTATE[42S22]: Column not found: 1054 Unknown column 'id' in 'where clause' at D:\\Documents\\GitHub\\PAW2020\\Tp-3(DB)\\core\\database\\QueryBuilder.php:45)"} []
[2020-05-05T21:08:53.946609+00:00] mvc_logger.ERROR: Status Code: 500 - Internal Server Error {"Error":"[object] (PDOException(code: 42S22): SQLSTATE[42S22]: Column not found: 1054 Unknown column 'id' in 'where clause' at D:\\Documents\\GitHub\\PAW2020\\Tp-3(DB)\\core\\database\\QueryBuilder.php:45)"} []
[2020-05-05T21:08:54.756655+00:00] mvc_logger.ERROR: Status Code: 500 - Internal Server Error {"Error":"[object] (PDOException(code: 42S22): SQLSTATE[42S22]: Column not found: 1054 Unknown column 'id' in 'where clause' at D:\\Documents\\GitHub\\PAW2020\\Tp-3(DB)\\core\\database\\QueryBuilder.php:45)"} []
[2020-05-05T21:08:56.760481+00:00] mvc_logger.ERROR: Status Code: 500 - Internal Server Error {"Error":"[object] (PDOException(code: 42S22): SQLSTATE[42S22]: Column not found: 1054 Unknown column 'id' in 'where clause' at D:\\Documents\\GitHub\\PAW2020\\Tp-3(DB)\\core\\database\\QueryBuilder.php:45)"} []
[2020-05-05T21:09:30.638543+00:00] mvc_logger.ERROR: Status Code: 500 - Internal Server Error {"Error":"[object] (PDOException(code: 42S22): SQLSTATE[42S22]: Column not found: 1054 Unknown column 'id' in 'where clause' at D:\\Documents\\GitHub\\PAW2020\\Tp-3(DB)\\core\\database\\QueryBuilder.php:45)"} []
[2020-05-05T21:09:31.246963+00:00] mvc_logger.ERROR: Status Code: 500 - Internal Server Error {"Error":"[object] (PDOException(code: 42S22): SQLSTATE[42S22]: Column not found: 1054 Unknown column 'id' in 'where clause' at D:\\Documents\\GitHub\\PAW2020\\Tp-3(DB)\\core\\database\\QueryBuilder.php:45)"} []
[2020-05-05T21:09:31.997217+00:00] mvc_logger.ERROR: Status Code: 500 - Internal Server Error {"Error":"[object] (PDOException(code: 42S22): SQLSTATE[42S22]: Column not found: 1054 Unknown column 'id' in 'where clause' at D:\\Documents\\GitHub\\PAW2020\\Tp-3(DB)\\core\\database\\QueryBuilder.php:45)"} []
[2020-05-05T21:33:01.314567+00:00] mvc_logger.INFO: Status Code: 200 [] []
[2020-05-05T21:35:45.424241+00:00] mvc_logger.INFO: Status Code: 200 [] []
[2020-05-05T21:55:02.469597+00:00] mvc_logger.INFO: Status Code: 200 [] []
[2020-05-05T21:55:27.640730+00:00] mvc_logger.INFO: Status Code: 200 [] []
[2020-05-05T21:57:23.531564+00:00] mvc_logger.INFO: Status Code: 200 [] []
[2020-05-05T21:58:16.757796+00:00] mvc_logger.INFO: Status Code: 200 [] []
[2020-05-05T21:58:17.704226+00:00] mvc_logger.INFO: Status Code: 200 [] []
[2020-05-05T21:58:19.174834+00:00] mvc_logger.INFO: Status Code: 200 [] []
[2020-05-05T21:58:35.356149+00:00] mvc_logger.INFO: Status Code: 200 [] []
[2020-05-05T22:20:10.999787+00:00] mvc_logger.INFO: Status Code: 200 [] []
[2020-05-06T01:58:36.557802+00:00] mvc_logger.INFO: Status Code: 200 [] []
[2020-05-06T01:58:39.819368+00:00] mvc_logger.INFO: Status Code: 200 [] []
[2020-05-06T02:00:10.649544+00:00] mvc_logger.INFO: Status Code: 200 [] []
[2020-05-06T02:00:36.043660+00:00] mvc_logger.INFO: Status Code: 200 [] []
[2020-05-06T02:00:37.475618+00:00] mvc_logger.INFO: Status Code: 200 [] []
[2020-05-06T02:00:40.957244+00:00] mvc_logger.INFO: Status Code: 200 [] []
[2020-05-06T02:03:57.760466+00:00] mvc_logger.INFO: Status Code: 200 [] []
[2020-05-06T02:08:05.186180+00:00] mvc_logger.INFO: Status Code: 200 [] []
[2020-05-06T02:08:10.131899+00:00] mvc_logger.INFO: Status Code: 200 [] []
[2020-05-06T02:08:55.071006+00:00] mvc_logger.INFO: Status Code: 200 [] []
[2020-05-06T02:08:58.566801+00:00] mvc_logger.INFO: Status Code: 200 [] []
[2020-05-06T02:08:59.186146+00:00] mvc_logger.INFO: Status Code: 200 [] []
[2020-05-06T02:09:05.244359+00:00] mvc_logger.INFO: Status Code: 200 [] []
[2020-05-06T02:09:10.599327+00:00] mvc_logger.INFO: Status Code: 200 [] []
[2020-05-06T02:09:14.952537+00:00] mvc_logger.INFO: Status Code: 200 [] []
[2020-05-06T02:11:20.994656+00:00] mvc_logger.INFO: Status Code: 200 [] []
[2020-05-06T02:11:38.950456+00:00] mvc_logger.INFO: Status Code: 200 [] []
[2020-05-06T02:11:46.862694+00:00] mvc_logger.INFO: Status Code: 200 [] []
[2020-05-06T02:14:01.380882+00:00] mvc_logger.ERROR: Error {"Error":"[object] (PDOException(code: 42S22): SQLSTATE[42S22]: Column not found: 1054 Unknown column 'id' in 'where clause' at D:\\Documents\\GitHub\\PAW2020\\Tp-3(DB)\\core\\database\\QueryBuilder.php:81)"} []
[2020-05-06T02:14:01.384627+00:00] mvc_logger.INFO: Status Code: 200 [] []
[2020-05-06T02:14:23.373756+00:00] mvc_logger.INFO: Status Code: 200 [] []
[2020-05-06T02:15:26.960602+00:00] mvc_logger.INFO: Status Code: 200 [] []
[2020-05-06T02:15:43.443973+00:00] mvc_logger.INFO: Status Code: 200 [] []
[2020-05-06T02:18:55.536488+00:00] mvc_logger.INFO: Status Code: 200 [] []
[2020-05-06T02:18:59.651012+00:00] mvc_logger.INFO: Status Code: 200 [] []
[2020-05-06T02:19:09.880717+00:00] mvc_logger.INFO: Status Code: 200 [] []
[2020-05-06T03:36:07.837931+00:00] mvc_logger.INFO: DELETE:TURNOS: {"id_turno":"","nombre":"","email":"","telefono":"","edad":"","talla":"","altura":"","fecha_nacimiento":"","color_pelo":"","fecha_turno":"","hora_turno":"","diagnostico":""} []
[2020-05-06T03:36:07.843558+00:00] mvc_logger.INFO: Status Code: 200 [] []
[2020-05-06T03:36:11.364919+00:00] mvc_logger.INFO: Status Code: 200 [] []
[2020-05-06T03:36:13.123139+00:00] mvc_logger.INFO: Status Code: 200 [] []
[2020-05-06T03:36:15.114620+00:00] mvc_logger.INFO: Status Code: 200 [] []
[2020-05-06T03:36:17.871235+00:00] mvc_logger.INFO: Status Code: 200 [] []
[2020-05-06T03:36:20.381561+00:00] mvc_logger.INFO: Status Code: 200 [] []
[2020-05-06T21:02:05.313715+00:00] mvc_logger.INFO: Status Code: 200 [] []
[2020-05-06T21:02:14.818249+00:00] mvc_logger.INFO: Status Code: 200 [] []
[2020-05-06T21:02:37.036788+00:00] mvc_logger.INFO: Status Code: 200 [] []
[2020-05-06T21:04:20.369731+00:00] mvc_logger.INFO: Status Code: 200 [] []
[2020-05-06T21:35:05.230615+00:00] mvc_logger.INFO: Status Code: 200 [] []
[2020-05-06T21:50:48.858023+00:00] mvc_logger.INFO: Status Code: 200 [] []
[2020-05-06T21:51:26.363067+00:00] mvc_logger.INFO: Status Code: 200 [] []
[2020-05-06T22:03:59.364835+00:00] mvc_logger.INFO: Status Code: 200 [] []
[2020-05-06T22:04:02.608041+00:00] mvc_logger.INFO: Status Code: 200 [] []
[2020-05-06T22:04:05.644489+00:00] mvc_logger.INFO: Status Code: 200 [] []
[2020-05-06T22:04:07.898002+00:00] mvc_logger.INFO: Status Code: 200 [] []
[2020-05-06T22:22:25.133942+00:00] mvc_logger.INFO: Status Code: 200 [] []
[2020-05-06T22:22:27.538842+00:00] mvc_logger.INFO: Status Code: 200 [] []
[2020-05-06T22:22:31.656769+00:00] mvc_logger.INFO: Status Code: 200 [] []
[2020-05-06T22:22:36.014165+00:00] mvc_logger.INFO: DELETE:TURNOS: {"id_turno":"","nombre":"","email":"","telefono":"","edad":"","talla":"","altura":"","fecha_nacimiento":"","color_pelo":"","fecha_turno":"","hora_turno":"","diagnostico":""} []
[2020-05-06T22:22:36.017122+00:00] mvc_logger.INFO: Status Code: 200 [] []
[2020-05-06T22:38:58.072060+00:00] mvc_logger.INFO: Status Code: 200 [] []
[2020-05-06T22:43:49.446105+00:00] mvc_logger.INFO: Status Code: 200 [] []
[2020-05-06T22:48:20.150410+00:00] mvc_logger.INFO: Status Code: 200 [] []
[2020-05-06T22:49:40.746467+00:00] mvc_logger.INFO: Status Code: 200 [] []
[2020-05-06T23:11:11.567077+00:00] mvc_logger.INFO: Status Code: 200 [] []
[2020-05-06T23:11:18.896136+00:00] mvc_logger.INFO: Status Code: 200 [] []
[2020-05-06T23:13:24.588828+00:00] mvc_logger.INFO: Status Code: 200 [] []
[2020-05-06T23:20:42.279253+00:00] mvc_logger.INFO: Status Code: 200 [] []
[2020-05-06T23:21:01.257126+00:00] mvc_logger.INFO: Status Code: 200 [] []
[2020-05-06T23:21:10.547184+00:00] mvc_logger.INFO: Status Code: 200 [] []
[2020-05-06T23:21:11.906481+00:00] mvc_logger.INFO: Status Code: 200 [] []
[2020-05-06T23:21:12.282200+00:00] mvc_logger.INFO: Status Code: 200 [] []
[2020-05-06T23:21:12.518908+00:00] mvc_logger.INFO: Status Code: 200 [] []
[2020-05-06T23:21:12.702223+00:00] mvc_logger.INFO: Status Code: 200 [] []
[2020-05-06T23:21:32.292626+00:00] mvc_logger.INFO: Status Code: 200 [] []
[2020-05-06T23:23:13.390095+00:00] mvc_logger.INFO: Status Code: 200 [] []
[2020-05-06T23:23:19.190540+00:00] mvc_logger.INFO: Status Code: 200 [] []
[2020-05-06T23:23:48.273673+00:00] mvc_logger.INFO: Status Code: 200 [] []
[2020-05-06T23:25:16.516963+00:00] mvc_logger.INFO: Status Code: 200 [] []
[2020-05-06T23:25:18.649688+00:00] mvc_logger.INFO: Status Code: 200 [] []
[2020-05-06T23:25:20.347608+00:00] mvc_logger.INFO: Status Code: 200 [] []
[2020-05-06T23:25:38.174998+00:00] mvc_logger.INFO: Status Code: 200 [] []
[2020-05-06T23:26:11.264822+00:00] mvc_logger.INFO: Status Code: 200 [] []
[2020-05-06T23:26:12.875680+00:00] mvc_logger.INFO: Status Code: 200 [] []
[2020-05-06T23:26:15.748051+00:00] mvc_logger.INFO: Status Code: 200 [] []
[2020-05-06T23:28:31.041747+00:00] mvc_logger.INFO: Status Code: 200 [] []
[2020-05-06T23:28:47.048989+00:00] mvc_logger.INFO: Status Code: 200 [] []
[2020-05-06T23:28:54.329854+00:00] mvc_logger.INFO: Status Code: 200 [] []
[2020-05-06T23:33:37.119854+00:00] mvc_logger.INFO: Status Code: 200 [] []
[2020-05-06T23:33:39.478157+00:00] mvc_logger.INFO: Status Code: 200 [] []
[2020-05-06T23:33:41.666778+00:00] mvc_logger.INFO: Status Code: 200 [] []
[2020-05-06T23:33:53.169972+00:00] mvc_logger.INFO: Status Code: 200 [] []
[2020-05-06T23:33:56.622819+00:00] mvc_logger.INFO: Status Code: 200 [] []
[2020-05-06T23:33:57.868164+00:00] mvc_logger.INFO: Status Code: 200 [] []
[2020-05-06T23:34:00.035226+00:00] mvc_logger.INFO: Status Code: 200 [] []
[2020-05-06T23:34:01.074038+00:00] mvc_logger.INFO: Status Code: 200 [] []
[2020-05-06T23:34:02.755812+00:00] mvc_logger.INFO: Status Code: 200 [] []
[2020-05-06T23:34:03.686064+00:00] mvc_logger.INFO: Status Code: 200 [] []
[2020-05-06T23:34:04.758440+00:00] mvc_logger.INFO: Status Code: 200 [] []
[2020-05-06T23:34:05.573963+00:00] mvc_logger.INFO: Status Code: 200 [] []
[2020-05-06T23:34:07.312646+00:00] mvc_logger.INFO: Status Code: 200 [] []
[2020-05-06T23:34:08.532752+00:00] mvc_logger.INFO: Status Code: 200 [] []
[2020-05-06T23:34:09.598506+00:00] mvc_logger.INFO: Status Code: 200 [] []
[2020-05-06T23:35:44.530639+00:00] mvc_logger.INFO: Status Code: 200 [] []
[2020-05-06T23:36:01.759274+00:00] mvc_logger.INFO: Status Code: 200 [] []
[2020-05-06T23:36:05.549450+00:00] mvc_logger.INFO: Status Code: 200 [] []
[2020-05-06T23:36:09.524026+00:00] mvc_logger.INFO: Status Code: 200 [] []
[2020-05-06T23:40:01.386600+00:00] mvc_logger.INFO: Status Code: 200 [] []
[2020-05-06T23:40:03.035431+00:00] mvc_logger.INFO: Status Code: 200 [] []
[2020-05-06T23:40:03.841154+00:00] mvc_logger.INFO: Status Code: 200 [] []
[2020-05-06T23:40:18.218168+00:00] mvc_logger.INFO: Status Code: 200 [] []
[2020-05-06T23:40:23.045393+00:00] mvc_logger.INFO: Status Code: 200 [] []
[2020-05-06T23:40:25.948895+00:00] mvc_logger.INFO: DELETE:TURNOS: {"id_turno":"","nombre":"","email":"","telefono":"","edad":"","talla":"","altura":"","fecha_nacimiento":"","color_pelo":"","fecha_turno":"","hora_turno":"","diagnostico":""} []
[2020-05-06T23:40:25.953149+00:00] mvc_logger.INFO: Status Code: 200 [] []
[2020-05-06T23:40:27.583330+00:00] mvc_logger.INFO: DELETE:TURNOS: {"id_turno":"","nombre":"","email":"","telefono":"","edad":"","talla":"","altura":"","fecha_nacimiento":"","color_pelo":"","fecha_turno":"","hora_turno":"","diagnostico":""} []
[2020-05-06T23:40:27.586890+00:00] mvc_logger.INFO: Status Code: 200 [] []
[2020-05-06T23:40:28.281853+00:00] mvc_logger.INFO: DELETE:TURNOS: {"id_turno":"","nombre":"","email":"","telefono":"","edad":"","talla":"","altura":"","fecha_nacimiento":"","color_pelo":"","fecha_turno":"","hora_turno":"","diagnostico":""} []
[2020-05-06T23:40:28.285637+00:00] mvc_logger.INFO: Status Code: 200 [] []
[2020-05-06T23:40:29.081754+00:00] mvc_logger.INFO: DELETE:TURNOS: {"id_turno":"","nombre":"","email":"","telefono":"","edad":"","talla":"","altura":"","fecha_nacimiento":"","color_pelo":"","fecha_turno":"","hora_turno":"","diagnostico":""} []
[2020-05-06T23:40:29.084496+00:00] mvc_logger.INFO: Status Code: 200 [] []
[2020-05-06T23:40:29.937730+00:00] mvc_logger.INFO: Status Code: 200 [] []
[2020-05-06T23:40:36.759702+00:00] mvc_logger.ERROR: Error {"Error":"[object] (PDOException(code: 23000): SQLSTATE[23000]: Integrity constraint violation: 1062 Duplicate entry '1' for key 'PRIMARY' at D:\\Documents\\GitHub\\PAW2020\\Tp-3(DB)\\core\\database\\QueryBuilder.php:66)"} []
[2020-05-06T23:40:36.762144+00:00] mvc_logger.INFO: Status Code: 200 [] []
[2020-05-06T23:40:41.764206+00:00] mvc_logger.INFO: Status Code: 200 [] []
[2020-05-06T23:40:45.885496+00:00] mvc_logger.INFO: Status Code: 200 [] []
[2020-05-06T23:41:30.196593+00:00] mvc_logger.INFO: Status Code: 200 [] []
[2020-05-06T23:41:37.502630+00:00] mvc_logger.ERROR: Error {"Error":"[object] (PDOException(code: 23000): SQLSTATE[23000]: Integrity constraint violation: 1062 Duplicate entry '1' for key 'PRIMARY' at D:\\Documents\\GitHub\\PAW2020\\Tp-3(DB)\\core\\database\\QueryBuilder.php:66)"} []
[2020-05-06T23:41:37.504828+00:00] mvc_logger.INFO: Status Code: 200 [] []
[2020-05-06T23:43:00.570483+00:00] mvc_logger.INFO: Status Code: 200 [] []
[2020-05-06T23:43:02.016289+00:00] mvc_logger.INFO: Status Code: 200 [] []
[2020-05-06T23:43:07.968607+00:00] mvc_logger.ERROR: Error {"Error":"[object] (PDOException(code: 23000): SQLSTATE[23000]: Integrity constraint violation: 1062 Duplicate entry '1' for key 'PRIMARY' at D:\\Documents\\GitHub\\PAW2020\\Tp-3(DB)\\core\\database\\QueryBuilder.php:66)"} []
[2020-05-06T23:43:07.972213+00:00] mvc_logger.INFO: Status Code: 200 [] []
[2020-05-06T23:43:15.733761+00:00] mvc_logger.INFO: Status Code: 200 [] []
[2020-05-06T23:46:19.692256+00:00] mvc_logger.INFO: Status Code: 200 [] []
[2020-05-06T23:46:22.373111+00:00] mvc_logger.ERROR: Error {"Error":"[object] (PDOException(code: 42000): SQLSTATE[42000]: Syntax error or access violation: 1065 Query was empty at D:\\Documents\\GitHub\\PAW2020\\Tp-3(DB)\\core\\database\\QueryBuilder.php:66)"} []
[2020-05-06T23:46:22.375616+00:00] mvc_logger.INFO: Status Code: 200 [] []
[2020-05-06T23:46:24.321338+00:00] mvc_logger.INFO: Status Code: 200 [] []
[2020-05-06T23:47:39.355893+00:00] mvc_logger.INFO: Status Code: 200 [] []
[2020-05-06T23:47:42.336804+00:00] mvc_logger.INFO: Status Code: 200 [] []
[2020-05-06T23:47:43.940145+00:00] mvc_logger.INFO: Status Code: 200 [] []
[2020-05-06T23:49:03.202455+00:00] mvc_logger.INFO: Status Code: 200 [] []
[2020-05-06T23:49:08.551224+00:00] mvc_logger.INFO: Status Code: 200 [] []
[2020-05-06T23:49:09.541821+00:00] mvc_logger.INFO: Status Code: 200 [] []
[2020-05-06T23:49:10.726076+00:00] mvc_logger.INFO: Status Code: 200 [] []
[2020-05-06T23:49:11.937880+00:00] mvc_logger.INFO: DELETE:TURNOS: {"id_turno":"","nombre":"","email":"","telefono":"","edad":"","talla":"","altura":"","fecha_nacimiento":"","color_pelo":"","fecha_turno":"","hora_turno":"","diagnostico":""} []
[2020-05-06T23:49:11.940926+00:00] mvc_logger.INFO: Status Code: 200 [] []
[2020-05-06T23:49:12.839000+00:00] mvc_logger.INFO: Status Code: 200 [] []
[2020-05-06T23:49:13.562711+00:00] mvc_logger.INFO: Status Code: 200 [] []
[2020-05-06T23:49:24.004148+00:00] mvc_logger.INFO: Status Code: 200 [] []
[2020-05-06T23:49:25.924837+00:00] mvc_logger.INFO: Status Code: 200 [] []
[2020-05-06T23:49:27.624410+00:00] mvc_logger.INFO: Status Code: 200 [] []
[2020-05-06T23:49:32.411847+00:00] mvc_logger.INFO: Status Code: 200 [] []
[2020-05-06T23:51:41.727465+00:00] mvc_logger.INFO: Status Code: 200 [] []
[2020-05-06T23:51:46.425740+00:00] mvc_logger.ERROR: Error {"Error":"[object] (PDOException(code: 23000): SQLSTATE[23000]: Integrity constraint violation: 1048 Column 'diagnostico' cannot be null at D:\\Documents\\GitHub\\PAW2020\\Tp-3(DB)\\core\\database\\QueryBuilder.php:73)"} []
[2020-05-06T23:51:46.429148+00:00] mvc_logger.INFO: Status Code: 200 [] []
[2020-05-06T23:51:49.806122+00:00] mvc_logger.INFO: Status Code: 200 [] []
[2020-05-06T23:51:51.044638+00:00] mvc_logger.INFO: Status Code: 200 [] []
[2020-05-06T23:51:52.856149+00:00] mvc_logger.INFO: Status Code: 200 [] []
[2020-05-06T23:52:11.877426+00:00] mvc_logger.INFO: Status Code: 200 [] []
[2020-05-06T23:52:18.123210+00:00] mvc_logger.ERROR: Error {"Error":"[object] (PDOException(code: 23000): SQLSTATE[23000]: Integrity constraint violation: 1048 Column 'diagnostico' cannot be null at D:\\Documents\\GitHub\\PAW2020\\Tp-3(DB)\\core\\database\\QueryBuilder.php:73)"} []
[2020-05-06T23:52:18.125669+00:00] mvc_logger.INFO: Status Code: 200 [] []
[2020-05-06T23:52:20.200319+00:00] mvc_logger.INFO: Status Code: 200 [] []
[2020-05-06T23:52:27.254700+00:00] mvc_logger.INFO: Status Code: 200 [] []
[2020-05-06T23:52:29.130498+00:00] mvc_logger.INFO: Status Code: 200 [] []
[2020-05-06T23:52:40.064625+00:00] mvc_logger.INFO: Status Code: 200 [] []
[2020-05-06T23:52:44.456888+00:00] mvc_logger.INFO: Status Code: 200 [] []
[2020-05-06T23:52:46.496140+00:00] mvc_logger.INFO: Status Code: 200 [] []
[2020-05-06T23:52:48.181900+00:00] mvc_logger.INFO: Status Code: 200 [] []
[2020-05-06T23:52:49.575476+00:00] mvc_logger.INFO: Status Code: 200 [] []
[2020-05-06T23:57:12.849771+00:00] mvc_logger.INFO: Status Code: 200 [] []
[2020-05-06T23:57:19.518793+00:00] mvc_logger.INFO: Status Code: 200 [] []
[2020-05-06T23:57:22.092254+00:00] mvc_logger.INFO: Status Code: 200 [] []
[2020-05-06T23:57:24.940565+00:00] mvc_logger.INFO: Status Code: 200 [] []
[2020-05-06T23:57:26.557079+00:00] mvc_logger.INFO: Status Code: 200 [] []
[2020-05-07T00:02:56.513905+00:00] mvc_logger.INFO: Status Code: 200 [] []
[2020-05-07T00:02:59.427280+00:00] mvc_logger.ERROR: Error {"Error":"[object] (PDOException(code: 23000): SQLSTATE[23000]: Integrity constraint violation: 1048 Column 'diagnostico' cannot be null at D:\\Documents\\GitHub\\PAW2020\\Tp-3(DB)\\core\\database\\QueryBuilder.php:73)"} []
[2020-05-07T00:02:59.430663+00:00] mvc_logger.INFO: Status Code: 200 [] []
[2020-05-07T00:03:00.949141+00:00] mvc_logger.INFO: Status Code: 200 [] []
[2020-05-07T00:03:02.423145+00:00] mvc_logger.INFO: Status Code: 200 [] []
[2020-05-07T00:03:04.022726+00:00] mvc_logger.INFO: Status Code: 200 [] []
[2020-05-07T00:03:05.255522+00:00] mvc_logger.INFO: Status Code: 200 [] []
[2020-05-07T00:03:11.510666+00:00] mvc_logger.INFO: Status Code: 200 [] []
[2020-05-07T00:03:12.824589+00:00] mvc_logger.INFO: Status Code: 200 [] []
[2020-05-07T00:03:14.326742+00:00] mvc_logger.INFO: Status Code: 200 [] []
[2020-05-07T00:03:17.364176+00:00] mvc_logger.INFO: Status Code: 200 [] []
[2020-05-07T00:03:37.673797+00:00] mvc_logger.INFO: Status Code: 200 [] []
[2020-05-07T00:25:11.612591+00:00] mvc_logger.INFO: Status Code: 200 [] []
[2020-05-07T00:25:13.096037+00:00] mvc_logger.INFO: Status Code: 200 [] []
[2020-05-07T00:25:15.221548+00:00] mvc_logger.INFO: Status Code: 200 [] []
[2020-05-07T00:25:17.103145+00:00] mvc_logger.INFO: Status Code: 200 [] []
[2020-05-07T00:25:18.908805+00:00] mvc_logger.INFO: Status Code: 200 [] []
[2020-05-07T00:25:24.659486+00:00] mvc_logger.INFO: Status Code: 200 [] []
[2020-05-07T00:25:25.979858+00:00] mvc_logger.INFO: Status Code: 200 [] []
[2020-05-07T00:25:27.167634+00:00] mvc_logger.INFO: Status Code: 200 [] []
[2020-05-07T00:25:29.282629+00:00] mvc_logger.INFO: Status Code: 200 [] []
[2020-05-07T00:36:41.941920+00:00] mvc_logger.INFO: Status Code: 200 [] []
[2020-05-07T00:36:46.450818+00:00] mvc_logger.INFO: Status Code: 200 [] []
[2020-05-07T00:36:48.316031+00:00] mvc_logger.INFO: Status Code: 200 [] []
[2020-05-07T00:36:57.314916+00:00] mvc_logger.INFO: Status Code: 200 [] []
[2020-05-07T00:37:45.043696+00:00] mvc_logger.INFO: Status Code: 200 [] []
[2020-05-07T00:37:45.563289+00:00] mvc_logger.INFO: Status Code: 200 [] []
[2020-05-07T00:37:45.845720+00:00] mvc_logger.INFO: Status Code: 200 [] []
[2020-05-07T00:37:46.176461+00:00] mvc_logger.INFO: Status Code: 200 [] []
[2020-05-07T00:39:59.896845+00:00] mvc_logger.INFO: DELETE:TURNOS: {"id_turno":"","nombre":"","email":"","telefono":"","edad":"","talla":"","altura":"","fecha_nacimiento":"","color_pelo":"","fecha_turno":"","hora_turno":"","diagnostico":""} []
[2020-05-07T00:39:59.900961+00:00] mvc_logger.INFO: Status Code: 200 [] []
[2020-05-07T00:40:00.619240+00:00] mvc_logger.INFO: DELETE:TURNOS: {"id_turno":"","nombre":"","email":"","telefono":"","edad":"","talla":"","altura":"","fecha_nacimiento":"","color_pelo":"","fecha_turno":"","hora_turno":"","diagnostico":""} []
[2020-05-07T00:40:00.622824+00:00] mvc_logger.INFO: Status Code: 200 [] []
[2020-05-07T00:40:04.865304+00:00] mvc_logger.INFO: Status Code: 200 [] []
[2020-05-07T01:05:58.025481+00:00] mvc_logger.INFO: Status Code: 200 [] []
[2020-05-07T01:06:03.276093+00:00] mvc_logger.INFO: Status Code: 200 [] []
[2020-05-07T01:06:05.931752+00:00] mvc_logger.INFO: Status Code: 200 [] []
[2020-05-07T01:07:43.404389+00:00] mvc_logger.INFO: Status Code: 200 [] []
[2020-05-07T01:08:20.225616+00:00] mvc_logger.INFO: Status Code: 200 [] []
[2020-05-07T01:08:24.919778+00:00] mvc_logger.INFO: Status Code: 200 [] []
[2020-05-18T23:00:59.612020+00:00] mvc_logger.INFO: Status Code: 200 [] []
[2020-05-18T23:01:07.459060+00:00] mvc_logger.INFO: Status Code: 200 [] []
[2020-05-18T23:01:08.479048+00:00] mvc_logger.INFO: Status Code: 200 [] []
[2020-05-18T23:01:12.823217+00:00] mvc_logger.INFO: Status Code: 200 [] []
[2020-05-20T02:42:26.769980+00:00] mvc_logger.INFO: Status Code: 200 [] []
[2020-05-20T02:44:58.857914+00:00] mvc_logger.INFO: Status Code: 200 [] []
[2020-05-20T02:45:33.755097+00:00] mvc_logger.INFO: Status Code: 200 [] []
[2020-05-20T03:11:58.974702+00:00] mvc_logger.INFO: Status Code: 200 [] []
[2020-05-20T03:11:59.707971+00:00] mvc_logger.INFO: Status Code: 200 [] []
[2020-05-20T03:12:32.129976+00:00] mvc_logger.INFO: Status Code: 200 [] []
[2020-05-20T03:12:33.027238+00:00] mvc_logger.INFO: Status Code: 200 [] []
[2020-05-20T03:12:44.630706+00:00] mvc_logger.INFO: Status Code: 200 [] []
[2020-05-20T03:12:45.722295+00:00] mvc_logger.INFO: Status Code: 200 [] []
[2020-05-20T03:13:06.879086+00:00] mvc_logger.INFO: Status Code: 200 [] []
[2020-05-20T03:13:07.863780+00:00] mvc_logger.INFO: Status Code: 200 [] []
[2020-05-20T03:13:14.292611+00:00] mvc_logger.INFO: Status Code: 200 [] []
[2020-05-20T03:13:15.405188+00:00] mvc_logger.INFO: Status Code: 200 [] []
[2020-05-20T03:13:15.774673+00:00] mvc_logger.INFO: Status Code: 200 [] []
[2020-05-20T03:13:58.715921+00:00] mvc_logger.INFO: Status Code: 200 [] []
[2020-05-20T03:14:10.677720+00:00] mvc_logger.INFO: Status Code: 200 [] []
[2020-05-20T03:14:11.613591+00:00] mvc_logger.INFO: Status Code: 200 [] []
[2020-05-20T03:16:20.574847+00:00] mvc_logger.INFO: Status Code: 200 [] []
[2020-05-20T03:16:48.736654+00:00] mvc_logger.INFO: Status Code: 200 [] []
[2020-05-20T03:16:49.369348+00:00] mvc_logger.INFO: Status Code: 200 [] []
[2020-05-20T03:17:10.907494+00:00] mvc_logger.INFO: Status Code: 200 [] []
[2020-05-20T03:17:44.923026+00:00] mvc_logger.INFO: Status Code: 200 [] []
[2020-05-20T03:18:12.309408+00:00] mvc_logger.INFO: Status Code: 200 [] []
[2020-05-20T03:18:30.970383+00:00] mvc_logger.INFO: Status Code: 200 [] []
[2020-05-20T03:18:59.645882+00:00] mvc_logger.INFO: Status Code: 200 [] []
[2020-05-20T03:19:25.532983+00:00] mvc_logger.INFO: Status Code: 200 [] []
[2020-05-20T03:20:54.915484+00:00] mvc_logger.INFO: Status Code: 200 [] []
[2020-05-20T03:21:16.819547+00:00] mvc_logger.INFO: Status Code: 200 [] []
[2020-05-20T03:21:53.207110+00:00] mvc_logger.INFO: Status Code: 200 [] []
[2020-05-20T03:22:12.361552+00:00] mvc_logger.INFO: Status Code: 200 [] []
[2020-05-20T03:22:18.538114+00:00] mvc_logger.INFO: Status Code: 200 [] []
[2020-05-20T03:23:15.524326+00:00] mvc_logger.INFO: Status Code: 200 [] []
[2020-05-20T03:23:24.885938+00:00] mvc_logger.INFO: Status Code: 200 [] []
[2020-05-20T03:23:34.787429+00:00] mvc_logger.INFO: Status Code: 200 [] []
[2020-05-20T03:23:56.235172+00:00] mvc_logger.INFO: Status Code: 200 [] []
[2020-05-20T03:24:09.707035+00:00] mvc_logger.INFO: Status Code: 200 [] []
[2020-05-20T03:24:19.688470+00:00] mvc_logger.INFO: Status Code: 200 [] []
[2020-05-20T03:24:30.338172+00:00] mvc_logger.INFO: Status Code: 200 [] []
[2020-05-20T03:25:23.088846+00:00] mvc_logger.INFO: Status Code: 200 [] []
[2020-05-20T03:26:29.142538+00:00] mvc_logger.INFO: Status Code: 200 [] []
[2020-05-20T03:26:37.615929+00:00] mvc_logger.INFO: Status Code: 200 [] []
[2020-05-20T03:26:39.097977+00:00] mvc_logger.INFO: Status Code: 200 [] []
[2020-05-20T03:26:39.999967+00:00] mvc_logger.INFO: Status Code: 200 [] []
[2020-05-20T03:27:09.593045+00:00] mvc_logger.INFO: Status Code: 200 [] []
[2020-05-20T03:27:31.717125+00:00] mvc_logger.INFO: Status Code: 200 [] []
[2020-05-20T03:27:34.422866+00:00] mvc_logger.INFO: Status Code: 200 [] []
[2020-05-20T03:27:42.514057+00:00] mvc_logger.INFO: Status Code: 200 [] []
[2020-05-20T03:28:00.136912+00:00] mvc_logger.INFO: Status Code: 200 [] []
[2020-05-20T03:28:17.503066+00:00] mvc_logger.INFO: Status Code: 200 [] []
[2020-05-20T03:28:40.671602+00:00] mvc_logger.INFO: Status Code: 200 [] []
[2020-05-20T03:29:05.972214+00:00] mvc_logger.INFO: Status Code: 200 [] []
[2020-05-20T03:29:37.773624+00:00] mvc_logger.INFO: Status Code: 200 [] []
[2020-05-20T03:29:55.039074+00:00] mvc_logger.INFO: Status Code: 200 [] []
[2020-05-20T03:31:04.266398+00:00] mvc_logger.INFO: Status Code: 200 [] []
[2020-05-20T03:31:28.389031+00:00] mvc_logger.INFO: Status Code: 200 [] []
[2020-05-20T03:31:59.104863+00:00] mvc_logger.INFO: Status Code: 200 [] []
[2020-05-20T03:34:24.897879+00:00] mvc_logger.INFO: Status Code: 200 [] []
[2020-05-20T03:34:25.527936+00:00] mvc_logger.INFO: Status Code: 200 [] []
[2020-05-20T03:34:35.436144+00:00] mvc_logger.INFO: Status Code: 200 [] []
[2020-05-20T03:34:50.104234+00:00] mvc_logger.INFO: Status Code: 200 [] []
[2020-05-20T03:34:56.645532+00:00] mvc_logger.INFO: Status Code: 200 [] []
[2020-05-20T03:35:00.672560+00:00] mvc_logger.INFO: Status Code: 200 [] []
[2020-05-20T03:35:05.427189+00:00] mvc_logger.INFO: Status Code: 200 [] []
[2020-05-20T03:35:06.367715+00:00] mvc_logger.INFO: Status Code: 200 [] []
[2020-05-20T03:35:12.039614+00:00] mvc_logger.INFO: Status Code: 200 [] []
[2020-05-20T03:37:12.314285+00:00] mvc_logger.INFO: Status Code: 200 [] []
[2020-05-20T03:37:37.014234+00:00] mvc_logger.INFO: Status Code: 200 [] []
[2020-05-20T03:38:23.478307+00:00] mvc_logger.INFO: Status Code: 200 [] []
[2020-05-20T03:38:43.719067+00:00] mvc_logger.INFO: Status Code: 200 [] []
[2020-05-20T03:39:08.437960+00:00] mvc_logger.INFO: Status Code: 200 [] []
[2020-05-20T03:40:10.770412+00:00] mvc_logger.INFO: Status Code: 200 [] []
[2020-05-20T03:40:47.757014+00:00] mvc_logger.INFO: Status Code: 200 [] []
[2020-05-20T03:41:02.426622+00:00] mvc_logger.INFO: Status Code: 200 [] []
[2020-05-20T03:41:27.323916+00:00] mvc_logger.INFO: Status Code: 200 [] []
[2020-05-20T03:42:06.234363+00:00] mvc_logger.INFO: Status Code: 200 [] []
[2020-05-20T03:42:11.133276+00:00] mvc_logger.INFO: Status Code: 200 [] []
[2020-05-20T03:42:59.390984+00:00] mvc_logger.INFO: Status Code: 200 [] []
[2020-05-20T03:43:06.551753+00:00] mvc_logger.INFO: Status Code: 200 [] []
[2020-05-20T03:43:24.825501+00:00] mvc_logger.INFO: Status Code: 200 [] []
[2020-05-20T03:43:57.749098+00:00] mvc_logger.INFO: Status Code: 200 [] []
[2020-05-20T03:45:07.651805+00:00] mvc_logger.INFO: Status Code: 200 [] []
[2020-05-20T03:45:22.569429+00:00] mvc_logger.INFO: Status Code: 200 [] []
[2020-05-20T03:45:42.880684+00:00] mvc_logger.INFO: Status Code: 200 [] []
[2020-05-20T03:47:19.189551+00:00] mvc_logger.INFO: Status Code: 200 [] []
[2020-05-20T03:47:26.543094+00:00] mvc_logger.INFO: Status Code: 200 [] []
[2020-05-20T03:47:46.394651+00:00] mvc_logger.INFO: Status Code: 200 [] []
[2020-05-20T03:48:06.459764+00:00] mvc_logger.INFO: Status Code: 200 [] []
[2020-05-20T03:48:13.012422+00:00] mvc_logger.INFO: Status Code: 200 [] []
[2020-05-20T03:48:34.115480+00:00] mvc_logger.INFO: Status Code: 200 [] []
[2020-05-20T03:48:37.342316+00:00] mvc_logger.INFO: Status Code: 200 [] []
[2020-05-20T03:49:46.040650+00:00] mvc_logger.INFO: Status Code: 200 [] []
[2020-05-20T03:49:50.150192+00:00] mvc_logger.INFO: Status Code: 200 [] []
[2020-05-20T03:50:23.771152+00:00] mvc_logger.INFO: Status Code: 200 [] []
[2020-05-20T03:50:31.328887+00:00] mvc_logger.INFO: Status Code: 200 [] []
[2020-05-20T03:51:30.503058+00:00] mvc_logger.INFO: Status Code: 200 [] []
[2020-05-20T03:52:08.785281+00:00] mvc_logger.INFO: Status Code: 200 [] []
[2020-05-20T03:52:32.280330+00:00] mvc_logger.INFO: Status Code: 200 [] []
[2020-05-20T03:52:49.798514+00:00] mvc_logger.INFO: Status Code: 200 [] []
[2020-05-20T03:53:13.777605+00:00] mvc_logger.INFO: Status Code: 200 [] []
[2020-05-20T03:53:28.317011+00:00] mvc_logger.INFO: Status Code: 200 [] []
[2020-05-20T03:55:34.417842+00:00] mvc_logger.INFO: Status Code: 200 [] []
[2020-05-20T03:55:43.301421+00:00] mvc_logger.INFO: Status Code: 200 [] []
[2020-05-20T03:55:56.778269+00:00] mvc_logger.INFO: Status Code: 200 [] []
[2020-05-20T03:57:21.770481+00:00] mvc_logger.INFO: Status Code: 200 [] []
[2020-05-20T03:57:22.587787+00:00] mvc_logger.INFO: Status Code: 200 [] []
[2020-05-20T03:57:27.943097+00:00] mvc_logger.INFO: Status Code: 200 [] []
[2020-05-20T03:57:34.639200+00:00] mvc_logger.INFO: Status Code: 200 [] []
[2020-05-20T03:57:36.486309+00:00] mvc_logger.INFO: Status Code: 200 [] []
[2020-05-20T03:57:39.767191+00:00] mvc_logger.INFO: Status Code: 200 [] []
[2020-05-20T04:01:10.107052+00:00] mvc_logger.INFO: Status Code: 200 [] []
[2020-05-20T04:02:34.497253+00:00] mvc_logger.INFO: Status Code: 200 [] []
[2020-05-20T04:02:38.067863+00:00] mvc_logger.INFO: Status Code: 200 [] []
[2020-05-20T04:02:59.786044+00:00] mvc_logger.INFO: Status Code: 200 [] []
[2020-05-20T04:03:03.047226+00:00] mvc_logger.INFO: Status Code: 200 [] []
[2020-05-20T04:03:23.733229+00:00] mvc_logger.INFO: Status Code: 200 [] []
[2020-05-20T04:03:27.086410+00:00] mvc_logger.INFO: Status Code: 200 [] []
[2020-05-20T04:05:13.885696+00:00] mvc_logger.INFO: Status Code: 200 [] []
[2020-05-20T04:05:18.501661+00:00] mvc_logger.INFO: Status Code: 200 [] []
[2020-05-20T04:05:44.897791+00:00] mvc_logger.INFO: Status Code: 200 [] []
[2020-05-20T04:05:46.193288+00:00] mvc_logger.INFO: Status Code: 200 [] []
[2020-05-20T04:05:54.632730+00:00] mvc_logger.INFO: Status Code: 200 [] []
[2020-05-20T04:06:34.460730+00:00] mvc_logger.INFO: Status Code: 200 [] []
[2020-05-20T04:06:45.992257+00:00] mvc_logger.INFO: Status Code: 200 [] []
[2020-05-20T04:06:52.693837+00:00] mvc_logger.INFO: Status Code: 200 [] []
[2020-05-20T04:07:08.374968+00:00] mvc_logger.INFO: Status Code: 200 [] []
[2020-05-20T04:07:37.960103+00:00] mvc_logger.INFO: Status Code: 200 [] []
[2020-05-20T04:08:20.866567+00:00] mvc_logger.INFO: Status Code: 200 [] []
[2020-05-20T04:09:19.638982+00:00] mvc_logger.INFO: Status Code: 200 [] []
[2020-05-20T04:09:22.730755+00:00] mvc_logger.INFO: Status Code: 200 [] []
[2020-05-20T04:09:24.946876+00:00] mvc_logger.INFO: Status Code: 200 [] []
[2020-05-20T04:09:27.510407+00:00] mvc_logger.INFO: Status Code: 200 [] []
[2020-05-20T04:24:37.856537+00:00] mvc_logger.INFO: Status Code: 200 [] []
[2020-05-20T04:24:39.127940+00:00] mvc_logger.INFO: Status Code: 200 [] []
[2020-05-20T04:24:59.707051+00:00] mvc_logger.INFO: Status Code: 200 [] []
[2020-05-20T04:26:05.863835+00:00] mvc_logger.INFO: Status Code: 200 [] []
[2020-05-20T16:38:24.905313+00:00] mvc_logger.INFO: Status Code: 200 [] []
[2020-05-20T16:38:33.939036+00:00] mvc_logger.INFO: Status Code: 200 [] []
[2020-05-20T16:38:35.684340+00:00] mvc_logger.INFO: Status Code: 200 [] []
[2020-05-20T16:38:39.518949+00:00] mvc_logger.INFO: Status Code: 200 [] []
[2020-05-20T16:43:25.525010+00:00] mvc_logger.INFO: Status Code: 200 [] []
[2020-05-20T16:43:59.507157+00:00] mvc_logger.INFO: Status Code: 200 [] []
[2020-05-20T16:44:01.087843+00:00] mvc_logger.INFO: Status Code: 200 [] []
[2020-05-20T16:44:16.167612+00:00] mvc_logger.INFO: Status Code: 200 [] []
[2020-05-20T16:44:17.664551+00:00] mvc_logger.INFO: Status Code: 200 [] []
[2020-05-20T16:44:19.543760+00:00] mvc_logger.INFO: Status Code: 200 [] []
[2020-05-20T16:44:43.287774+00:00] mvc_logger.INFO: Status Code: 200 [] []
[2020-05-20T16:44:45.098776+00:00] mvc_logger.INFO: Status Code: 200 [] []
[2020-05-20T16:45:13.431410+00:00] mvc_logger.INFO: Status Code: 200 [] []
[2020-05-20T16:45:19.009933+00:00] mvc_logger.INFO: Status Code: 200 [] []
[2020-05-20T16:45:22.055419+00:00] mvc_logger.INFO: Status Code: 200 [] []
[2020-05-20T16:46:13.074031+00:00] mvc_logger.INFO: Status Code: 200 [] []
[2020-05-20T16:46:21.205735+00:00] mvc_logger.INFO: Status Code: 200 [] []
[2020-05-20T16:46:22.416928+00:00] mvc_logger.INFO: Status Code: 200 [] []
[2020-05-20T16:46:29.892881+00:00] mvc_logger.INFO: Status Code: 200 [] []
[2020-05-20T16:47:06.344187+00:00] mvc_logger.INFO: Status Code: 200 [] []
[2020-05-20T16:47:20.680585+00:00] mvc_logger.INFO: Status Code: 200 [] []
[2020-05-20T16:48:33.389492+00:00] mvc_logger.INFO: Status Code: 200 [] []
[2020-05-20T16:49:00.780397+00:00] mvc_logger.INFO: Status Code: 200 [] []
[2020-05-20T16:49:13.658924+00:00] mvc_logger.INFO: Status Code: 200 [] []
[2020-05-20T16:50:44.832103+00:00] mvc_logger.INFO: Status Code: 200 [] []
[2020-05-20T16:50:46.264521+00:00] mvc_logger.INFO: Status Code: 200 [] []
[2020-05-20T16:50:46.830575+00:00] mvc_logger.INFO: Status Code: 200 [] []
[2020-05-20T16:50:47.112761+00:00] mvc_logger.INFO: Status Code: 200 [] []
[2020-05-20T16:51:16.997230+00:00] mvc_logger.INFO: Status Code: 200 [] []
[2020-05-20T16:51:18.320441+00:00] mvc_logger.INFO: Status Code: 200 [] []
[2020-05-20T16:51:19.162135+00:00] mvc_logger.INFO: Status Code: 200 [] []
[2020-05-20T16:51:19.985830+00:00] mvc_logger.INFO: Status Code: 200 [] []
[2020-05-20T16:51:28.847959+00:00] mvc_logger.INFO: Status Code: 200 [] []
[2020-05-20T16:51:41.740454+00:00] mvc_logger.INFO: Status Code: 200 [] []
[2020-05-20T16:51:58.317649+00:00] mvc_logger.INFO: Status Code: 200 [] []
[2020-05-20T16:52:17.720474+00:00] mvc_logger.INFO: Status Code: 200 [] []
[2020-05-20T16:52:19.189691+00:00] mvc_logger.INFO: Status Code: 200 [] []
[2020-05-20T16:52:19.713401+00:00] mvc_logger.INFO: Status Code: 200 [] []
[2020-05-20T16:52:20.296172+00:00] mvc_logger.INFO: Status Code: 200 [] []
[2020-05-20T16:55:42.000216+00:00] mvc_logger.INFO: Status Code: 200 [] []
[2020-05-20T16:55:56.667459+00:00] mvc_logger.INFO: Status Code: 200 [] []
[2020-05-20T16:56:52.674755+00:00] mvc_logger.INFO: Status Code: 200 [] []
[2020-05-20T16:58:28.550543+00:00] mvc_logger.INFO: Status Code: 200 [] []
[2020-05-20T16:58:50.983495+00:00] mvc_logger.INFO: Status Code: 200 [] []
[2020-05-20T16:58:58.597826+00:00] mvc_logger.INFO: Status Code: 200 [] []
[2020-05-20T16:59:27.078110+00:00] mvc_logger.INFO: Status Code: 200 [] []
[2020-05-20T16:59:29.665906+00:00] mvc_logger.INFO: Status Code: 200 [] []
[2020-05-20T16:59:30.707171+00:00] mvc_logger.INFO: Status Code: 200 [] []
[2020-05-20T16:59:33.400130+00:00] mvc_logger.INFO: Status Code: 200 [] []
[2020-05-20T16:59:34.296383+00:00] mvc_logger.INFO: Status Code: 200 [] []
[2020-05-20T16:59:36.515767+00:00] mvc_logger.INFO: Status Code: 200 [] []
[2020-05-20T17:00:05.744944+00:00] mvc_logger.INFO: Status Code: 200 [] []
[2020-05-20T17:00:27.317514+00:00] mvc_logger.INFO: Status Code: 200 [] []
[2020-05-20T17:00:50.761633+00:00] mvc_logger.INFO: Status Code: 200 [] []
[2020-05-20T17:01:26.929269+00:00] mvc_logger.INFO: Status Code: 200 [] []
[2020-05-20T17:01:54.558969+00:00] mvc_logger.INFO: Status Code: 200 [] []
[2020-05-20T17:02:06.921884+00:00] mvc_logger.INFO: Status Code: 200 [] []
[2020-05-20T17:04:03.895069+00:00] mvc_logger.INFO: Status Code: 200 [] []
[2020-05-20T17:04:10.422332+00:00] mvc_logger.INFO: Status Code: 200 [] []
[2020-05-20T17:04:18.479398+00:00] mvc_logger.INFO: Status Code: 200 [] []
[2020-05-20T17:04:45.709713+00:00] mvc_logger.INFO: Status Code: 200 [] []
[2020-05-20T17:06:15.623555+00:00] mvc_logger.INFO: Status Code: 200 [] []
[2020-05-20T17:06:29.130146+00:00] mvc_logger.INFO: Status Code: 200 [] []
[2020-05-20T17:06:50.531709+00:00] mvc_logger.INFO: Status Code: 200 [] []
[2020-05-20T17:06:57.451950+00:00] mvc_logger.INFO: Status Code: 200 [] []
[2020-05-20T17:07:04.996434+00:00] mvc_logger.INFO: Status Code: 200 [] []
[2020-05-20T17:07:22.311742+00:00] mvc_logger.INFO: Status Code: 200 [] []
[2020-05-20T17:08:12.635842+00:00] mvc_logger.INFO: Status Code: 200 [] []
[2020-05-20T17:08:13.851447+00:00] mvc_logger.INFO: Status Code: 200 [] []
[2020-05-20T17:08:14.453515+00:00] mvc_logger.INFO: Status Code: 200 [] []
[2020-05-20T17:08:18.174833+00:00] mvc_logger.INFO: Status Code: 200 [] []
[2020-05-20T17:08:20.825179+00:00] mvc_logger.INFO: Status Code: 200 [] []
[2020-05-20T17:08:30.440873+00:00] mvc_logger.INFO: Status Code: 200 [] []
[2020-05-20T17:08:51.226222+00:00] mvc_logger.INFO: Status Code: 200 [] []
[2020-05-20T17:09:05.797626+00:00] mvc_logger.INFO: Status Code: 200 [] []
[2020-05-20T17:09:06.508150+00:00] mvc_logger.INFO: Status Code: 200 [] []
[2020-05-20T17:14:01.143111+00:00] mvc_logger.INFO: Status Code: 200 [] []
[2020-05-20T17:14:18.709378+00:00] mvc_logger.INFO: Status Code: 200 [] []
[2020-05-20T17:14:24.014358+00:00] mvc_logger.INFO: Status Code: 200 [] []
[2020-05-20T17:14:41.968302+00:00] mvc_logger.INFO: Status Code: 200 [] []
[2020-05-20T17:14:52.692001+00:00] mvc_logger.INFO: Status Code: 200 [] []
[2020-05-20T17:15:00.791664+00:00] mvc_logger.INFO: Status Code: 200 [] []
[2020-05-20T17:15:12.057594+00:00] mvc_logger.INFO: Status Code: 200 [] []
[2020-05-20T17:15:36.418059+00:00] mvc_logger.INFO: Status Code: 200 [] []
[2020-05-20T17:15:52.884491+00:00] mvc_logger.INFO: Status Code: 200 [] []
[2020-05-20T17:16:26.769396+00:00] mvc_logger.INFO: Status Code: 200 [] []
[2020-05-20T17:17:04.124315+00:00] mvc_logger.INFO: Status Code: 200 [] []
[2020-05-20T17:17:13.450362+00:00] mvc_logger.INFO: Status Code: 200 [] []
[2020-05-20T17:17:27.590940+00:00] mvc_logger.INFO: Status Code: 200 [] []
[2020-05-20T17:17:33.500823+00:00] mvc_logger.INFO: Status Code: 200 [] []
[2020-05-20T17:17:39.171705+00:00] mvc_logger.INFO: Status Code: 200 [] []
[2020-05-20T17:17:44.831444+00:00] mvc_logger.INFO: Status Code: 200 [] []
[2020-05-20T17:18:55.479849+00:00] mvc_logger.INFO: Status Code: 200 [] []
[2020-05-20T17:19:05.545644+00:00] mvc_logger.INFO: Status Code: 200 [] []
[2020-05-20T17:23:52.472101+00:00] mvc_logger.INFO: Status Code: 200 [] []
[2020-05-20T17:24:32.945245+00:00] mvc_logger.INFO: Status Code: 200 [] []
[2020-05-20T17:24:40.543595+00:00] mvc_logger.INFO: Status Code: 200 [] []
[2020-05-20T17:25:18.209461+00:00] mvc_logger.INFO: Status Code: 200 [] []
[2020-05-20T17:25:39.427501+00:00] mvc_logger.INFO: Status Code: 200 [] []
[2020-05-20T17:25:47.011510+00:00] mvc_logger.INFO: Status Code: 200 [] []
[2020-05-20T17:26:03.283626+00:00] mvc_logger.INFO: Status Code: 200 [] []
[2020-05-20T17:26:21.626197+00:00] mvc_logger.INFO: Status Code: 200 [] []
[2020-05-20T17:26:27.361867+00:00] mvc_logger.INFO: Status Code: 200 [] []
[2020-05-20T17:27:13.903859+00:00] mvc_logger.INFO: Status Code: 200 [] []
[2020-05-20T17:27:18.250206+00:00] mvc_logger.INFO: Status Code: 200 [] []
[2020-05-20T17:27:19.211783+00:00] mvc_logger.INFO: Status Code: 200 [] []
[2020-05-20T17:27:27.868531+00:00] mvc_logger.INFO: Status Code: 200 [] []
[2020-05-20T17:27:36.133766+00:00] mvc_logger.INFO: Status Code: 200 [] []
[2020-05-20T17:28:04.151584+00:00] mvc_logger.INFO: Status Code: 200 [] []
[2020-05-20T17:28:33.640188+00:00] mvc_logger.INFO: Status Code: 200 [] []
[2020-05-20T17:28:38.187824+00:00] mvc_logger.INFO: Status Code: 200 [] []
[2020-05-20T17:28:41.929356+00:00] mvc_logger.INFO: Status Code: 200 [] []
[2020-05-20T17:29:02.027358+00:00] mvc_logger.INFO: Status Code: 200 [] []
[2020-05-20T17:29:06.402758+00:00] mvc_logger.INFO: Status Code: 200 [] []
[2020-05-20T17:29:26.092403+00:00] mvc_logger.INFO: Status Code: 200 [] []
[2020-05-20T17:30:01.190722+00:00] mvc_logger.INFO: Status Code: 200 [] []
[2020-05-20T17:30:08.784470+00:00] mvc_logger.INFO: Status Code: 200 [] []
[2020-05-20T17:30:17.073474+00:00] mvc_logger.INFO: Status Code: 200 [] []
[2020-05-20T17:30:26.421863+00:00] mvc_logger.INFO: Status Code: 200 [] []
[2020-05-20T17:30:27.415029+00:00] mvc_logger.INFO: Status Code: 200 [] []
[2020-05-20T17:30:37.378700+00:00] mvc_logger.INFO: Status Code: 200 [] []
[2020-05-20T17:31:00.447119+00:00] mvc_logger.INFO: Status Code: 200 [] []
[2020-05-20T17:31:04.539596+00:00] mvc_logger.INFO: Status Code: 200 [] []
[2020-05-20T17:31:18.338629+00:00] mvc_logger.INFO: Status Code: 200 [] []
[2020-05-20T17:31:24.601391+00:00] mvc_logger.INFO: Status Code: 200 [] []
[2020-05-20T17:31:30.645694+00:00] mvc_logger.INFO: Status Code: 200 [] []
[2020-05-20T17:31:50.223617+00:00] mvc_logger.INFO: Status Code: 200 [] []
[2020-05-20T17:31:54.354677+00:00] mvc_logger.INFO: Status Code: 200 [] []
[2020-05-20T17:32:00.084669+00:00] mvc_logger.INFO: Status Code: 200 [] []
[2020-05-20T17:32:01.098114+00:00] mvc_logger.INFO: Status Code: 200 [] []
[2020-05-20T17:32:05.029928+00:00] mvc_logger.INFO: Status Code: 200 [] []
[2020-05-20T17:32:18.614036+00:00] mvc_logger.INFO: Status Code: 200 [] []
[2020-05-20T17:32:19.740836+00:00] mvc_logger.INFO: Status Code: 200 [] []
[2020-05-20T17:32:22.953312+00:00] mvc_logger.INFO: Status Code: 200 [] []
[2020-05-20T17:32:24.083450+00:00] mvc_logger.INFO: Status Code: 200 [] []
[2020-05-20T17:32:26.954402+00:00] mvc_logger.INFO: Status Code: 200 [] []
[2020-05-20T17:32:28.688716+00:00] mvc_logger.INFO: Status Code: 200 [] []
[2020-05-20T17:32:33.018245+00:00] mvc_logger.INFO: Status Code: 200 [] []
[2020-05-20T17:33:52.108199+00:00] mvc_logger.INFO: Status Code: 200 [] []
[2020-05-20T17:34:02.993437+00:00] mvc_logger.INFO: Status Code: 200 [] []
[2020-05-20T17:34:08.457905+00:00] mvc_logger.INFO: Status Code: 200 [] []
[2020-05-20T17:34:10.091724+00:00] mvc_logger.INFO: Status Code: 200 [] []
[2020-05-20T17:34:16.861406+00:00] mvc_logger.INFO: Status Code: 200 [] []
[2020-05-20T17:34:26.599660+00:00] mvc_logger.INFO: Status Code: 200 [] []
[2020-05-20T17:34:31.141076+00:00] mvc_logger.INFO: Status Code: 200 [] []
[2020-05-20T17:34:35.473249+00:00] mvc_logger.INFO: Status Code: 200 [] []
[2020-05-20T17:35:52.866311+00:00] mvc_logger.INFO: Status Code: 200 [] []
[2020-05-20T17:36:22.723634+00:00] mvc_logger.INFO: Status Code: 200 [] []
[2020-05-20T17:36:37.195754+00:00] mvc_logger.INFO: Status Code: 200 [] []
[2020-05-20T17:36:43.519585+00:00] mvc_logger.INFO: Status Code: 200 [] []
[2020-05-20T17:37:08.275562+00:00] mvc_logger.INFO: Status Code: 200 [] []
[2020-05-20T17:37:14.891392+00:00] mvc_logger.INFO: Status Code: 200 [] []
[2020-05-20T17:37:51.174066+00:00] mvc_logger.INFO: Status Code: 200 [] []
[2020-05-20T17:38:29.573431+00:00] mvc_logger.INFO: Status Code: 200 [] []
[2020-05-20T17:38:36.607573+00:00] mvc_logger.INFO: Status Code: 200 [] []
[2020-05-20T17:39:03.439040+00:00] mvc_logger.INFO: Status Code: 200 [] []
[2020-05-20T17:39:09.709590+00:00] mvc_logger.INFO: Status Code: 200 [] []
[2020-05-20T17:40:08.466737+00:00] mvc_logger.INFO: Status Code: 200 [] []
[2020-05-20T17:40:49.564611+00:00] mvc_logger.INFO: Status Code: 200 [] []
[2020-05-20T17:40:52.816585+00:00] mvc_logger.INFO: Status Code: 200 [] []
[2020-05-20T17:40:56.990219+00:00] mvc_logger.INFO: Status Code: 200 [] []
[2020-05-20T17:41:04.077740+00:00] mvc_logger.INFO: Status Code: 200 [] []
[2020-05-20T17:41:06.315120+00:00] mvc_logger.INFO: Status Code: 200 [] []
[2020-05-20T17:43:45.372290+00:00] mvc_logger.INFO: Status Code: 200 [] []
[2020-05-20T17:44:02.647012+00:00] mvc_logger.INFO: Status Code: 200 [] []
[2020-05-20T17:44:34.426179+00:00] mvc_logger.INFO: Status Code: 200 [] []
[2020-05-20T17:45:19.817287+00:00] mvc_logger.INFO: Status Code: 200 [] []
[2020-05-20T17:45:29.448743+00:00] mvc_logger.INFO: Status Code: 200 [] []
[2020-05-20T17:46:20.862304+00:00] mvc_logger.INFO: Status Code: 200 [] []
[2020-05-20T17:46:36.133126+00:00] mvc_logger.INFO: Status Code: 200 [] []
[2020-05-20T17:47:04.439363+00:00] mvc_logger.INFO: Status Code: 200 [] []
[2020-05-20T17:47:15.785899+00:00] mvc_logger.INFO: Status Code: 200 [] []
[2020-05-20T17:47:44.009789+00:00] mvc_logger.INFO: Status Code: 200 [] []
[2020-05-20T17:48:09.370089+00:00] mvc_logger.INFO: Status Code: 200 [] []
[2020-05-20T17:48:29.537561+00:00] mvc_logger.INFO: Status Code: 200 [] []
[2020-05-20T17:48:58.490762+00:00] mvc_logger.INFO: Status Code: 200 [] []
[2020-05-20T17:49:42.076833+00:00] mvc_logger.INFO: Status Code: 200 [] []
[2020-05-20T17:50:41.508771+00:00] mvc_logger.INFO: Status Code: 200 [] []
[2020-05-20T17:51:07.602464+00:00] mvc_logger.INFO: Status Code: 200 [] []
[2020-05-20T17:51:19.501017+00:00] mvc_logger.INFO: Status Code: 200 [] []
[2020-05-20T17:51:56.420875+00:00] mvc_logger.INFO: Status Code: 200 [] []
[2020-05-20T17:52:40.191153+00:00] mvc_logger.INFO: Status Code: 200 [] []
[2020-05-20T17:53:00.679778+00:00] mvc_logger.INFO: Status Code: 200 [] []
[2020-05-20T17:53:22.395435+00:00] mvc_logger.INFO: Status Code: 200 [] []
[2020-05-20T17:53:41.713690+00:00] mvc_logger.INFO: Status Code: 200 [] []
[2020-05-20T17:53:42.644742+00:00] mvc_logger.INFO: Status Code: 200 [] []
[2020-05-20T17:53:42.991780+00:00] mvc_logger.INFO: Status Code: 200 [] []
[2020-05-20T17:54:32.195990+00:00] mvc_logger.INFO: Status Code: 200 [] []
[2020-05-20T17:54:40.839078+00:00] mvc_logger.INFO: Status Code: 200 [] []
[2020-05-20T17:54:51.580128+00:00] mvc_logger.INFO: Status Code: 200 [] []
[2020-05-20T17:54:55.332859+00:00] mvc_logger.INFO: Status Code: 200 [] []
[2020-05-20T17:55:08.449884+00:00] mvc_logger.INFO: Status Code: 200 [] []
[2020-05-20T17:55:10.403815+00:00] mvc_logger.INFO: Status Code: 200 [] []
[2020-05-20T17:55:12.714090+00:00] mvc_logger.INFO: Status Code: 200 [] []
[2020-05-20T17:55:29.581015+00:00] mvc_logger.INFO: Status Code: 200 [] []
[2020-05-20T17:56:08.172758+00:00] mvc_logger.INFO: Status Code: 200 [] []
[2020-05-20T17:56:14.356000+00:00] mvc_logger.INFO: Status Code: 200 [] []
[2020-05-20T17:56:31.018806+00:00] mvc_logger.INFO: Status Code: 200 [] []
[2020-05-20T17:56:53.901772+00:00] mvc_logger.INFO: Status Code: 200 [] []
[2020-05-20T17:57:12.849967+00:00] mvc_logger.INFO: Status Code: 200 [] []
[2020-05-20T17:57:13.808343+00:00] mvc_logger.INFO: Status Code: 200 [] []
[2020-05-20T17:57:14.208142+00:00] mvc_logger.INFO: Status Code: 200 [] []
[2020-05-20T17:57:23.697387+00:00] mvc_logger.INFO: Status Code: 200 [] []
[2020-05-20T17:57:36.677835+00:00] mvc_logger.INFO: Status Code: 200 [] []
[2020-05-20T17:58:14.527930+00:00] mvc_logger.INFO: Status Code: 200 [] []
[2020-05-20T17:58:16.786588+00:00] mvc_logger.INFO: Status Code: 200 [] []
[2020-05-20T17:58:21.975164+00:00] mvc_logger.INFO: Status Code: 200 [] []
[2020-05-20T17:58:37.400293+00:00] mvc_logger.INFO: Status Code: 200 [] []
[2020-05-20T17:58:53.954425+00:00] mvc_logger.INFO: Status Code: 200 [] []
[2020-05-20T17:58:54.538885+00:00] mvc_logger.INFO: Status Code: 200 [] []
[2020-05-20T17:59:04.262249+00:00] mvc_logger.INFO: Status Code: 200 [] []
[2020-05-20T18:01:52.406297+00:00] mvc_logger.INFO: Status Code: 200 [] []
[2020-05-20T18:02:02.116108+00:00] mvc_logger.INFO: Status Code: 200 [] []
[2020-05-20T18:02:14.977696+00:00] mvc_logger.INFO: Status Code: 200 [] []
[2020-05-20T18:02:22.652685+00:00] mvc_logger.INFO: Status Code: 200 [] []
[2020-05-20T18:02:46.288513+00:00] mvc_logger.INFO: Status Code: 200 [] []
[2020-05-20T18:02:47.988168+00:00] mvc_logger.INFO: Status Code: 200 [] []
[2020-05-20T18:02:49.043540+00:00] mvc_logger.INFO: Status Code: 200 [] []
[2020-05-20T18:02:59.554782+00:00] mvc_logger.INFO: Status Code: 200 [] []
[2020-05-20T18:05:36.095486+00:00] mvc_logger.INFO: Status Code: 200 [] []
[2020-05-20T18:06:25.580851+00:00] mvc_logger.INFO: Status Code: 200 [] []
[2020-05-20T19:56:46.231999+00:00] mvc_logger.INFO: Status Code: 200 [] []
[2020-05-20T20:05:23.113983+00:00] mvc_logger.INFO: Status Code: 200 [] []
[2020-05-20T20:14:28.348760+00:00] mvc_logger.INFO: Status Code: 200 [] []
[2020-05-20T20:14:44.392902+00:00] mvc_logger.INFO: Status Code: 200 [] []
[2020-05-20T20:15:10.969645+00:00] mvc_logger.INFO: Status Code: 200 [] []
[2020-05-20T20:17:25.959662+00:00] mvc_logger.INFO: Status Code: 200 [] []
[2020-05-20T20:17:37.984982+00:00] mvc_logger.INFO: Status Code: 200 [] []
[2020-05-20T20:17:40.870575+00:00] mvc_logger.INFO: Status Code: 200 [] []
[2020-05-20T20:17:42.440412+00:00] mvc_logger.INFO: Status Code: 200 [] []
[2020-05-20T20:17:45.785426+00:00] mvc_logger.INFO: Status Code: 200 [] []
[2020-05-20T20:17:46.904804+00:00] mvc_logger.INFO: Status Code: 200 [] []
[2020-05-20T20:17:47.951164+00:00] mvc_logger.INFO: Status Code: 200 [] []
[2020-05-20T20:17:49.491364+00:00] mvc_logger.INFO: Status Code: 200 [] []
[2020-05-20T20:19:55.385987+00:00] mvc_logger.INFO: Status Code: 200 [] []
[2020-05-20T20:20:00.183550+00:00] mvc_logger.INFO: Status Code: 200 [] []
[2020-05-20T20:20:01.576049+00:00] mvc_logger.INFO: Status Code: 200 [] []
[2020-05-20T20:20:07.560424+00:00] mvc_logger.INFO: Status Code: 200 [] []
[2020-05-20T20:20:09.120410+00:00] mvc_logger.INFO: Status Code: 200 [] []
[2020-05-20T20:20:10.969220+00:00] mvc_logger.INFO: Status Code: 200 [] []
[2020-05-20T20:21:31.593876+00:00] mvc_logger.INFO: Status Code: 200 [] []
[2020-05-20T20:21:47.285306+00:00] mvc_logger.INFO: Status Code: 200 [] []
[2020-05-20T20:21:56.522528+00:00] mvc_logger.INFO: Status Code: 200 [] []
[2020-05-20T20:22:05.422637+00:00] mvc_logger.INFO: Status Code: 200 [] []
[2020-05-20T20:27:03.745206+00:00] mvc_logger.INFO: Status Code: 200 [] []
[2020-05-20T20:29:16.707838+00:00] mvc_logger.INFO: Status Code: 200 [] []
[2020-05-20T20:29:19.480803+00:00] mvc_logger.INFO: Status Code: 200 [] []
[2020-05-20T20:29:21.712920+00:00] mvc_logger.INFO: Status Code: 200 [] []
[2020-05-20T20:32:21.251402+00:00] mvc_logger.INFO: Status Code: 200 [] []
[2020-05-20T20:36:01.387724+00:00] mvc_logger.INFO: Status Code: 200 [] []
[2020-05-20T20:37:27.641810+00:00] mvc_logger.INFO: Status Code: 200 [] []
[2020-05-20T20:37:41.826996+00:00] mvc_logger.INFO: Status Code: 200 [] []
[2020-05-20T20:37:44.981140+00:00] mvc_logger.INFO: Status Code: 200 [] []
[2020-05-20T20:37:47.385967+00:00] mvc_logger.INFO: Status Code: 200 [] []
[2020-05-22T21:52:20.389818+00:00] mvc_logger.INFO: Status Code: 200 [] []
[2020-06-02T23:35:01.287152+00:00] mvc_logger.INFO: Status Code: 200 [] []
[2020-06-02T23:35:10.546565+00:00] mvc_logger.INFO: Status Code: 200 [] []
[2020-06-02T23:35:51.879598+00:00] mvc_logger.INFO: Status Code: 200 [] []
[2020-06-02T23:35:57.728534+00:00] mvc_logger.INFO: Status Code: 200 [] []
[2020-06-02T23:37:40.741831+00:00] mvc_logger.INFO: Status Code: 200 [] []
[2020-06-02T23:37:43.892726+00:00] mvc_logger.INFO: Status Code: 200 [] []
[2020-06-02T23:37:48.384874+00:00] mvc_logger.INFO: Status Code: 200 [] []
[2020-06-02T23:37:51.937934+00:00] mvc_logger.INFO: Status Code: 200 [] []
[2020-06-02T23:37:56.248501+00:00] mvc_logger.INFO: Status Code: 200 [] []
[2020-06-02T23:38:02.413793+00:00] mvc_logger.INFO: Status Code: 200 [] []
[2020-06-02T23:38:07.902940+00:00] mvc_logger.INFO: Status Code: 200 [] []
[2020-06-02T23:38:10.238670+00:00] mvc_logger.INFO: Status Code: 200 [] []
[2020-06-02T23:38:11.521195+00:00] mvc_logger.INFO: Status Code: 200 [] []
[2020-06-02T23:38:20.086801+00:00] mvc_logger.INFO: Status Code: 200 [] []
[2020-06-02T23:38:21.886959+00:00] mvc_logger.INFO: Status Code: 200 [] []
[2020-06-02T23:38:58.714321+00:00] mvc_logger.INFO: Status Code: 200 [] []
[2020-06-02T23:39:04.387838+00:00] mvc_logger.INFO: Status Code: 200 [] []
[2020-06-02T23:39:27.671792+00:00] mvc_logger.INFO: Status Code: 200 [] []
[2020-06-02T23:40:10.883136+00:00] mvc_logger.INFO: Status Code: 200 [] []
[2020-06-02T23:40:13.459290+00:00] mvc_logger.INFO: Status Code: 200 [] []
[2020-06-02T23:40:23.626032+00:00] mvc_logger.INFO: Status Code: 200 [] []
[2020-06-02T23:40:25.027905+00:00] mvc_logger.INFO: Status Code: 200 [] []
[2020-06-02T23:40:33.146516+00:00] mvc_logger.INFO: Status Code: 200 [] []
[2020-06-02T23:40:35.319622+00:00] mvc_logger.INFO: Status Code: 200 [] []
[2020-06-02T23:40:41.296243+00:00] mvc_logger.INFO: Status Code: 200 [] []
